{"numFailedTestSuites":6,"numFailedTests":34,"numPassedTestSuites":13,"numPassedTests":280,"numPendingTestSuites":0,"numPendingTests":0,"numRuntimeErrorTestSuites":0,"numTodoTests":0,"numTotalTestSuites":19,"numTotalTests":314,"openHandles":[],"snapshot":{"added":0,"didUpdate":false,"failure":false,"filesAdded":0,"filesRemoved":0,"filesRemovedList":[],"filesUnmatched":0,"filesUpdated":0,"matched":0,"total":0,"unchecked":0,"uncheckedKeysByFile":[],"unmatched":0,"updated":0},"startTime":1764807361997,"success":false,"testResults":[{"assertionResults":[{"ancestorTitles":[],"duration":242,"failing":false,"failureDetails":[],"failureMessages":[],"fullName":"POST /api/users/register - should register a new user successfully","invocations":1,"location":null,"numPassingAsserts":0,"retryReasons":[],"startAt":1764807362436,"status":"passed","title":"POST /api/users/register - should register a new user successfully"},{"ancestorTitles":[],"duration":9,"failing":false,"failureDetails":[],"failureMessages":[],"fullName":"POST /api/users/register - should fail with duplicate email","invocations":1,"location":null,"numPassingAsserts":0,"retryReasons":[],"startAt":1764807362678,"status":"passed","title":"POST /api/users/register - should fail with duplicate email"},{"ancestorTitles":[],"duration":8,"failing":false,"failureDetails":[],"failureMessages":[],"fullName":"POST /api/users/register - should fail without required fields","invocations":1,"location":null,"numPassingAsserts":0,"retryReasons":[],"startAt":1764807362687,"status":"passed","title":"POST /api/users/register - should fail without required fields"},{"ancestorTitles":[],"duration":15,"failing":false,"failureDetails":[],"failureMessages":[],"fullName":"POST /api/users/register - should fail with invalid email","invocations":1,"location":null,"numPassingAsserts":0,"retryReasons":[],"startAt":1764807362695,"status":"passed","title":"POST /api/users/register - should fail with invalid email"},{"ancestorTitles":[],"duration":9,"failing":false,"failureDetails":[],"failureMessages":[],"fullName":"POST /api/users/register - should fail with short password","invocations":1,"location":null,"numPassingAsserts":0,"retryReasons":[],"startAt":1764807362710,"status":"passed","title":"POST /api/users/register - should fail with short password"},{"ancestorTitles":[],"duration":206,"failing":false,"failureDetails":[],"failureMessages":[],"fullName":"POST /api/users/login - should login successfully","invocations":1,"location":null,"numPassingAsserts":0,"retryReasons":[],"startAt":1764807362720,"status":"passed","title":"POST /api/users/login - should login successfully"},{"ancestorTitles":[],"duration":204,"failing":false,"failureDetails":[],"failureMessages":[],"fullName":"POST /api/users/login - should fail with incorrect password","invocations":1,"location":null,"numPassingAsserts":0,"retryReasons":[],"startAt":1764807362926,"status":"passed","title":"POST /api/users/login - should fail with incorrect password"},{"ancestorTitles":[],"duration":7,"failing":false,"failureDetails":[],"failureMessages":[],"fullName":"POST /api/users/login - should fail with non-existent email","invocations":1,"location":null,"numPassingAsserts":0,"retryReasons":[],"startAt":1764807363131,"status":"passed","title":"POST /api/users/login - should fail with non-existent email"},{"ancestorTitles":[],"duration":8,"failing":false,"failureDetails":[],"failureMessages":[],"fullName":"POST /api/users/login - should fail without credentials","invocations":1,"location":null,"numPassingAsserts":0,"retryReasons":[],"startAt":1764807363138,"status":"passed","title":"POST /api/users/login - should fail without credentials"},{"ancestorTitles":[],"duration":11,"failing":false,"failureDetails":[],"failureMessages":[],"fullName":"GET /api/users/profile - should get profile with valid token","invocations":1,"location":null,"numPassingAsserts":0,"retryReasons":[],"startAt":1764807363146,"status":"passed","title":"GET /api/users/profile - should get profile with valid token"},{"ancestorTitles":[],"duration":8,"failing":false,"failureDetails":[],"failureMessages":[],"fullName":"GET /api/users/profile - should fail without token","invocations":1,"location":null,"numPassingAsserts":0,"retryReasons":[],"startAt":1764807363157,"status":"passed","title":"GET /api/users/profile - should fail without token"},{"ancestorTitles":[],"duration":8,"failing":false,"failureDetails":[],"failureMessages":[],"fullName":"GET /api/users/profile - should fail with invalid token","invocations":1,"location":null,"numPassingAsserts":0,"retryReasons":[],"startAt":1764807363165,"status":"passed","title":"GET /api/users/profile - should fail with invalid token"},{"ancestorTitles":[],"duration":403,"failing":false,"failureDetails":[],"failureMessages":[],"fullName":"POST /api/users/change-password - should change password successfully","invocations":1,"location":null,"numPassingAsserts":0,"retryReasons":[],"startAt":1764807363173,"status":"passed","title":"POST /api/users/change-password - should change password successfully"},{"ancestorTitles":[],"duration":206,"failing":false,"failureDetails":[],"failureMessages":[],"fullName":"POST /api/users/change-password - should fail with wrong current password","invocations":1,"location":null,"numPassingAsserts":0,"retryReasons":[],"startAt":1764807363576,"status":"passed","title":"POST /api/users/change-password - should fail with wrong current password"},{"ancestorTitles":[],"duration":740,"failing":false,"failureDetails":[],"failureMessages":[],"fullName":"POST /api/users/login - should login with new password","invocations":1,"location":null,"numPassingAsserts":0,"retryReasons":[],"startAt":1764807363782,"status":"passed","title":"POST /api/users/login - should login with new password"},{"ancestorTitles":[],"duration":212,"failing":false,"failureDetails":[],"failureMessages":[],"fullName":"POST /api/users/refresh-token - should refresh access token","invocations":1,"location":null,"numPassingAsserts":0,"retryReasons":[],"startAt":1764807364522,"status":"passed","title":"POST /api/users/refresh-token - should refresh access token"},{"ancestorTitles":[],"duration":7,"failing":false,"failureDetails":[],"failureMessages":[],"fullName":"POST /api/users/refresh-token - should fail with invalid token","invocations":1,"location":null,"numPassingAsserts":0,"retryReasons":[],"startAt":1764807364734,"status":"passed","title":"POST /api/users/refresh-token - should fail with invalid token"},{"ancestorTitles":[],"duration":8,"failing":false,"failureDetails":[],"failureMessages":[],"fullName":"POST /api/users/refresh-token - should fail without refresh token","invocations":1,"location":null,"numPassingAsserts":0,"retryReasons":[],"startAt":1764807364741,"status":"passed","title":"POST /api/users/refresh-token - should fail without refresh token"},{"ancestorTitles":[],"duration":8,"failing":false,"failureDetails":[],"failureMessages":[],"fullName":"POST /api/users/change-password - should fail with missing fields","invocations":1,"location":null,"numPassingAsserts":0,"retryReasons":[],"startAt":1764807364749,"status":"passed","title":"POST /api/users/change-password - should fail with missing fields"},{"ancestorTitles":[],"duration":206,"failing":false,"failureDetails":[],"failureMessages":[],"fullName":"POST /api/users/change-password - should fail with weak new password","invocations":1,"location":null,"numPassingAsserts":0,"retryReasons":[],"startAt":1764807364757,"status":"passed","title":"POST /api/users/change-password - should fail with weak new password"},{"ancestorTitles":[],"duration":7,"failing":false,"failureDetails":[{"message":"\u001b[2massert\u001b[22m\u001b[2m.strictEqual(\u001b[22m\u001b[31mreceived\u001b[39m\u001b[2m, \u001b[22m\u001b[32mexpected\u001b[39m\u001b[2m)\u001b[22m\n\n\u001b[0mExpected value to strictly be equal to:\u001b[0m\n\u001b[0m\u001b[0m  \u001b[32m404\u001b[39m\n\u001b[0mReceived:\u001b[0m\n\u001b[0m\u001b[0m  \u001b[31m401\u001b[39m\n    at Object.equal (/Users/advait/MSCS/Sem1/SE/Proj3/SE_Project-3_Group4/Proj_2/Howl2Go_backend/src/__tests__/user.test.js:285:12)\n    at processTicksAndRejections (node:internal/process/task_queues:103:5)"}],"failureMessages":["\u001b[2massert\u001b[22m\u001b[2m.strictEqual(\u001b[22m\u001b[31mreceived\u001b[39m\u001b[2m, \u001b[22m\u001b[32mexpected\u001b[39m\u001b[2m)\u001b[22m\n\n\u001b[0mExpected value to strictly be equal to:\u001b[0m\n\u001b[0m\u001b[0m  \u001b[32m404\u001b[39m\n\u001b[0mReceived:\u001b[0m\n\u001b[0m\u001b[0m  \u001b[31m401\u001b[39m\n    at Object.equal (/Users/advait/MSCS/Sem1/SE/Proj3/SE_Project-3_Group4/Proj_2/Howl2Go_backend/src/__tests__/user.test.js:285:12)\n    at processTicksAndRejections (node:internal/process/task_queues:103:5)"],"fullName":"GET /api/users/profile - should fail for non-existent user","invocations":1,"location":null,"numPassingAsserts":0,"retryReasons":[],"startAt":1764807364963,"status":"failed","title":"GET /api/users/profile - should fail for non-existent user"},{"ancestorTitles":[],"duration":213,"failing":false,"failureDetails":[],"failureMessages":[],"fullName":"POST /api/users/register - should handle email case insensitivity","invocations":1,"location":null,"numPassingAsserts":0,"retryReasons":[],"startAt":1764807364971,"status":"passed","title":"POST /api/users/register - should handle email case insensitivity"},{"ancestorTitles":[],"duration":204,"failing":false,"failureDetails":[],"failureMessages":[],"fullName":"POST /api/users/login - should handle email case insensitivity","invocations":1,"location":null,"numPassingAsserts":0,"retryReasons":[],"startAt":1764807365184,"status":"passed","title":"POST /api/users/login - should handle email case insensitivity"},{"ancestorTitles":[],"duration":8,"failing":false,"failureDetails":[{"message":"\u001b[2massert\u001b[22m\u001b[2m.strictEqual(\u001b[22m\u001b[31mreceived\u001b[39m\u001b[2m, \u001b[22m\u001b[32mexpected\u001b[39m\u001b[2m)\u001b[22m\n\n\u001b[0mExpected value to strictly be equal to:\u001b[0m\n\u001b[0m\u001b[0m  \u001b[32m404\u001b[39m\n\u001b[0mReceived:\u001b[0m\n\u001b[0m\u001b[0m  \u001b[31m401\u001b[39m\n    at Object.equal (/Users/advait/MSCS/Sem1/SE/Proj3/SE_Project-3_Group4/Proj_2/Howl2Go_backend/src/__tests__/user.test.js:329:12)\n    at processTicksAndRejections (node:internal/process/task_queues:103:5)"}],"failureMessages":["\u001b[2massert\u001b[22m\u001b[2m.strictEqual(\u001b[22m\u001b[31mreceived\u001b[39m\u001b[2m, \u001b[22m\u001b[32mexpected\u001b[39m\u001b[2m)\u001b[22m\n\n\u001b[0mExpected value to strictly be equal to:\u001b[0m\n\u001b[0m\u001b[0m  \u001b[32m404\u001b[39m\n\u001b[0mReceived:\u001b[0m\n\u001b[0m\u001b[0m  \u001b[31m401\u001b[39m\n    at Object.equal (/Users/advait/MSCS/Sem1/SE/Proj3/SE_Project-3_Group4/Proj_2/Howl2Go_backend/src/__tests__/user.test.js:329:12)\n    at processTicksAndRejections (node:internal/process/task_queues:103:5)"],"fullName":"POST /api/users/change-password - should fail for non-existent user","invocations":1,"location":null,"numPassingAsserts":0,"retryReasons":[],"startAt":1764807365388,"status":"failed","title":"POST /api/users/change-password - should fail for non-existent user"},{"ancestorTitles":[],"duration":7,"failing":false,"failureDetails":[],"failureMessages":[],"fullName":"POST /api/users/refresh-token - should fail for non-existent user","invocations":1,"location":null,"numPassingAsserts":0,"retryReasons":[],"startAt":1764807365397,"status":"passed","title":"POST /api/users/refresh-token - should fail for non-existent user"},{"ancestorTitles":[],"duration":400,"failing":false,"failureDetails":[],"failureMessages":[],"fullName":"POST /api/users/login - should fail for deactivated user account","invocations":1,"location":null,"numPassingAsserts":0,"retryReasons":[],"startAt":1764807365404,"status":"passed","title":"POST /api/users/login - should fail for deactivated user account"},{"ancestorTitles":[],"duration":206,"failing":false,"failureDetails":[],"failureMessages":[],"fullName":"POST /api/users/refresh-token - should fail for inactive user","invocations":1,"location":null,"numPassingAsserts":0,"retryReasons":[],"startAt":1764807365804,"status":"passed","title":"POST /api/users/refresh-token - should fail for inactive user"},{"ancestorTitles":[],"duration":8,"failing":false,"failureDetails":[],"failureMessages":[],"fullName":"POST /api/users/register - should handle mongoose validation errors properly","invocations":1,"location":null,"numPassingAsserts":0,"retryReasons":[],"startAt":1764807366010,"status":"passed","title":"POST /api/users/register - should handle mongoose validation errors properly"},{"ancestorTitles":[],"duration":205,"failing":false,"failureDetails":[{"message":"\u001b[2massert\u001b[22m\u001b[2m.strictEqual(\u001b[22m\u001b[31mreceived\u001b[39m\u001b[2m, \u001b[22m\u001b[32mexpected\u001b[39m\u001b[2m)\u001b[22m\n\n\u001b[0mExpected value to strictly be equal to:\u001b[0m\n\u001b[0m\u001b[0m  \u001b[32m400\u001b[39m\n\u001b[0mReceived:\u001b[0m\n\u001b[0m\u001b[0m  \u001b[31m401\u001b[39m\n    at Object.equal (/Users/advait/MSCS/Sem1/SE/Proj3/SE_Project-3_Group4/Proj_2/Howl2Go_backend/src/__tests__/user.test.js:419:12)\n    at processTicksAndRejections (node:internal/process/task_queues:103:5)"}],"failureMessages":["\u001b[2massert\u001b[22m\u001b[2m.strictEqual(\u001b[22m\u001b[31mreceived\u001b[39m\u001b[2m, \u001b[22m\u001b[32mexpected\u001b[39m\u001b[2m)\u001b[22m\n\n\u001b[0mExpected value to strictly be equal to:\u001b[0m\n\u001b[0m\u001b[0m  \u001b[32m400\u001b[39m\n\u001b[0mReceived:\u001b[0m\n\u001b[0m\u001b[0m  \u001b[31m401\u001b[39m\n    at Object.equal (/Users/advait/MSCS/Sem1/SE/Proj3/SE_Project-3_Group4/Proj_2/Howl2Go_backend/src/__tests__/user.test.js:419:12)\n    at processTicksAndRejections (node:internal/process/task_queues:103:5)"],"fullName":"POST /api/users/change-password - should handle mongoose validation errors","invocations":1,"location":null,"numPassingAsserts":0,"retryReasons":[],"startAt":1764807366018,"status":"failed","title":"POST /api/users/change-password - should handle mongoose validation errors"},{"ancestorTitles":[],"duration":8,"failing":false,"failureDetails":[],"failureMessages":[],"fullName":"GET /api/users/profile - should return all user fields including timestamps","invocations":1,"location":null,"numPassingAsserts":0,"retryReasons":[],"startAt":1764807366224,"status":"passed","title":"GET /api/users/profile - should return all user fields including timestamps"},{"ancestorTitles":[],"duration":7,"failing":false,"failureDetails":[],"failureMessages":[],"fullName":"POST /api/users/register - should handle database connection errors gracefully","invocations":1,"location":null,"numPassingAsserts":0,"retryReasons":[],"startAt":1764807366232,"status":"passed","title":"POST /api/users/register - should handle database connection errors gracefully"},{"ancestorTitles":[],"duration":203,"failing":false,"failureDetails":[{"message":"\u001b[2massert\u001b[22m\u001b[2m.strictEqual(\u001b[22m\u001b[31mreceived\u001b[39m\u001b[2m, \u001b[22m\u001b[32mexpected\u001b[39m\u001b[2m)\u001b[22m\n\n\u001b[0mExpected value to strictly be equal to:\u001b[0m\n\u001b[0m\u001b[0m  \u001b[32m200\u001b[39m\n\u001b[0mReceived:\u001b[0m\n\u001b[0m\u001b[0m  \u001b[31m401\u001b[39m\n    at Object.equal (/Users/advait/MSCS/Sem1/SE/Proj3/SE_Project-3_Group4/Proj_2/Howl2Go_backend/src/__tests__/user.test.js:468:12)\n    at processTicksAndRejections (node:internal/process/task_queues:103:5)"}],"failureMessages":["\u001b[2massert\u001b[22m\u001b[2m.strictEqual(\u001b[22m\u001b[31mreceived\u001b[39m\u001b[2m, \u001b[22m\u001b[32mexpected\u001b[39m\u001b[2m)\u001b[22m\n\n\u001b[0mExpected value to strictly be equal to:\u001b[0m\n\u001b[0m\u001b[0m  \u001b[32m200\u001b[39m\n\u001b[0mReceived:\u001b[0m\n\u001b[0m\u001b[0m  \u001b[31m401\u001b[39m\n    at Object.equal (/Users/advait/MSCS/Sem1/SE/Proj3/SE_Project-3_Group4/Proj_2/Howl2Go_backend/src/__tests__/user.test.js:468:12)\n    at processTicksAndRejections (node:internal/process/task_queues:103:5)"],"fullName":"POST /api/users/login - should return refreshToken along with accessToken","invocations":1,"location":null,"numPassingAsserts":0,"retryReasons":[],"startAt":1764807366239,"status":"failed","title":"POST /api/users/login - should return refreshToken along with accessToken"},{"ancestorTitles":[],"duration":205,"failing":false,"failureDetails":[{"message":"\u001b[2massert\u001b[22m\u001b[2m.strictEqual(\u001b[22m\u001b[31mreceived\u001b[39m\u001b[2m, \u001b[22m\u001b[32mexpected\u001b[39m\u001b[2m)\u001b[22m\n\n\u001b[0mExpected value to strictly be equal to:\u001b[0m\n\u001b[0m\u001b[0m  \u001b[32m200\u001b[39m\n\u001b[0mReceived:\u001b[0m\n\u001b[0m\u001b[0m  \u001b[31m401\u001b[39m\n    at Object.equal (/Users/advait/MSCS/Sem1/SE/Proj3/SE_Project-3_Group4/Proj_2/Howl2Go_backend/src/__tests__/user.test.js:486:12)\n    at processTicksAndRejections (node:internal/process/task_queues:103:5)"}],"failureMessages":["\u001b[2massert\u001b[22m\u001b[2m.strictEqual(\u001b[22m\u001b[31mreceived\u001b[39m\u001b[2m, \u001b[22m\u001b[32mexpected\u001b[39m\u001b[2m)\u001b[22m\n\n\u001b[0mExpected value to strictly be equal to:\u001b[0m\n\u001b[0m\u001b[0m  \u001b[32m200\u001b[39m\n\u001b[0mReceived:\u001b[0m\n\u001b[0m\u001b[0m  \u001b[31m401\u001b[39m\n    at Object.equal (/Users/advait/MSCS/Sem1/SE/Proj3/SE_Project-3_Group4/Proj_2/Howl2Go_backend/src/__tests__/user.test.js:486:12)\n    at processTicksAndRejections (node:internal/process/task_queues:103:5)"],"fullName":"POST /api/users/change-password - should generate new tokens after password change","invocations":1,"location":null,"numPassingAsserts":0,"retryReasons":[],"startAt":1764807366442,"status":"failed","title":"POST /api/users/change-password - should generate new tokens after password change"}],"endTime":1764807366670,"message":"\u001b[1m\u001b[31m  \u001b[1m● \u001b[22m\u001b[1mGET /api/users/profile - should fail for non-existent user\u001b[39m\u001b[22m\n\n    \u001b[2massert\u001b[22m\u001b[2m.strictEqual(\u001b[22m\u001b[31mreceived\u001b[39m\u001b[2m, \u001b[22m\u001b[32mexpected\u001b[39m\u001b[2m)\u001b[22m\n\n    \u001b[0mExpected value to strictly be equal to:\u001b[0m\n    \u001b[0m\u001b[0m  \u001b[32m404\u001b[39m\n    \u001b[0mReceived:\u001b[0m\n    \u001b[0m\u001b[0m  \u001b[31m401\u001b[39m\n\u001b[2m\u001b[22m\n\u001b[2m    \u001b[0m \u001b[90m 283 |\u001b[39m         \u001b[33m.\u001b[39m\u001b[36mset\u001b[39m(\u001b[32m\"Authorization\"\u001b[39m\u001b[33m,\u001b[39m \u001b[32m`Bearer ${fakeToken}`\u001b[39m)\u001b[33m;\u001b[39m\u001b[22m\n\u001b[2m     \u001b[90m 284 |\u001b[39m\u001b[22m\n\u001b[2m    \u001b[31m\u001b[1m>\u001b[22m\u001b[2m\u001b[39m\u001b[90m 285 |\u001b[39m     assert\u001b[33m.\u001b[39mequal(response\u001b[33m.\u001b[39mstatus\u001b[33m,\u001b[39m \u001b[35m404\u001b[39m)\u001b[33m;\u001b[39m\u001b[22m\n\u001b[2m     \u001b[90m     |\u001b[39m            \u001b[31m\u001b[1m^\u001b[22m\u001b[2m\u001b[39m\u001b[22m\n\u001b[2m     \u001b[90m 286 |\u001b[39m     assert\u001b[33m.\u001b[39mequal(response\u001b[33m.\u001b[39mbody\u001b[33m.\u001b[39msuccess\u001b[33m,\u001b[39m \u001b[36mfalse\u001b[39m)\u001b[33m;\u001b[39m\u001b[22m\n\u001b[2m     \u001b[90m 287 |\u001b[39m })\u001b[33m;\u001b[39m\u001b[22m\n\u001b[2m     \u001b[90m 288 |\u001b[39m\u001b[0m\u001b[22m\n\u001b[2m\u001b[22m\n\u001b[2m      \u001b[2mat Object.equal (\u001b[22m\u001b[2m\u001b[0m\u001b[36msrc/__tests__/user.test.js\u001b[39m\u001b[0m\u001b[2m:285:12)\u001b[22m\u001b[2m\u001b[22m\n\n\u001b[1m\u001b[31m  \u001b[1m● \u001b[22m\u001b[1mPOST /api/users/change-password - should fail for non-existent user\u001b[39m\u001b[22m\n\n    \u001b[2massert\u001b[22m\u001b[2m.strictEqual(\u001b[22m\u001b[31mreceived\u001b[39m\u001b[2m, \u001b[22m\u001b[32mexpected\u001b[39m\u001b[2m)\u001b[22m\n\n    \u001b[0mExpected value to strictly be equal to:\u001b[0m\n    \u001b[0m\u001b[0m  \u001b[32m404\u001b[39m\n    \u001b[0mReceived:\u001b[0m\n    \u001b[0m\u001b[0m  \u001b[31m401\u001b[39m\n\u001b[2m\u001b[22m\n\u001b[2m    \u001b[0m \u001b[90m 327 |\u001b[39m         })\u001b[33m;\u001b[39m\u001b[22m\n\u001b[2m     \u001b[90m 328 |\u001b[39m\u001b[22m\n\u001b[2m    \u001b[31m\u001b[1m>\u001b[22m\u001b[2m\u001b[39m\u001b[90m 329 |\u001b[39m     assert\u001b[33m.\u001b[39mequal(response\u001b[33m.\u001b[39mstatus\u001b[33m,\u001b[39m \u001b[35m404\u001b[39m)\u001b[33m;\u001b[39m\u001b[22m\n\u001b[2m     \u001b[90m     |\u001b[39m            \u001b[31m\u001b[1m^\u001b[22m\u001b[2m\u001b[39m\u001b[22m\n\u001b[2m     \u001b[90m 330 |\u001b[39m     assert\u001b[33m.\u001b[39mequal(response\u001b[33m.\u001b[39mbody\u001b[33m.\u001b[39msuccess\u001b[33m,\u001b[39m \u001b[36mfalse\u001b[39m)\u001b[33m;\u001b[39m\u001b[22m\n\u001b[2m     \u001b[90m 331 |\u001b[39m })\u001b[33m;\u001b[39m\u001b[22m\n\u001b[2m     \u001b[90m 332 |\u001b[39m\u001b[0m\u001b[22m\n\u001b[2m\u001b[22m\n\u001b[2m      \u001b[2mat Object.equal (\u001b[22m\u001b[2m\u001b[0m\u001b[36msrc/__tests__/user.test.js\u001b[39m\u001b[0m\u001b[2m:329:12)\u001b[22m\u001b[2m\u001b[22m\n\n\u001b[1m\u001b[31m  \u001b[1m● \u001b[22m\u001b[1mPOST /api/users/change-password - should handle mongoose validation errors\u001b[39m\u001b[22m\n\n    \u001b[2massert\u001b[22m\u001b[2m.strictEqual(\u001b[22m\u001b[31mreceived\u001b[39m\u001b[2m, \u001b[22m\u001b[32mexpected\u001b[39m\u001b[2m)\u001b[22m\n\n    \u001b[0mExpected value to strictly be equal to:\u001b[0m\n    \u001b[0m\u001b[0m  \u001b[32m400\u001b[39m\n    \u001b[0mReceived:\u001b[0m\n    \u001b[0m\u001b[0m  \u001b[31m401\u001b[39m\n\u001b[2m\u001b[22m\n\u001b[2m    \u001b[0m \u001b[90m 417 |\u001b[39m         })\u001b[33m;\u001b[39m\u001b[22m\n\u001b[2m     \u001b[90m 418 |\u001b[39m\u001b[22m\n\u001b[2m    \u001b[31m\u001b[1m>\u001b[22m\u001b[2m\u001b[39m\u001b[90m 419 |\u001b[39m     assert\u001b[33m.\u001b[39mequal(response\u001b[33m.\u001b[39mstatus\u001b[33m,\u001b[39m \u001b[35m400\u001b[39m)\u001b[33m;\u001b[39m\u001b[22m\n\u001b[2m     \u001b[90m     |\u001b[39m            \u001b[31m\u001b[1m^\u001b[22m\u001b[2m\u001b[39m\u001b[22m\n\u001b[2m     \u001b[90m 420 |\u001b[39m     assert\u001b[33m.\u001b[39mequal(response\u001b[33m.\u001b[39mbody\u001b[33m.\u001b[39msuccess\u001b[33m,\u001b[39m \u001b[36mfalse\u001b[39m)\u001b[33m;\u001b[39m\u001b[22m\n\u001b[2m     \u001b[90m 421 |\u001b[39m\u001b[22m\n\u001b[2m     \u001b[90m 422 |\u001b[39m     \u001b[90m// Should return validation error\u001b[39m\u001b[0m\u001b[22m\n\u001b[2m\u001b[22m\n\u001b[2m      \u001b[2mat Object.equal (\u001b[22m\u001b[2m\u001b[0m\u001b[36msrc/__tests__/user.test.js\u001b[39m\u001b[0m\u001b[2m:419:12)\u001b[22m\u001b[2m\u001b[22m\n\n\u001b[1m\u001b[31m  \u001b[1m● \u001b[22m\u001b[1mPOST /api/users/login - should return refreshToken along with accessToken\u001b[39m\u001b[22m\n\n    \u001b[2massert\u001b[22m\u001b[2m.strictEqual(\u001b[22m\u001b[31mreceived\u001b[39m\u001b[2m, \u001b[22m\u001b[32mexpected\u001b[39m\u001b[2m)\u001b[22m\n\n    \u001b[0mExpected value to strictly be equal to:\u001b[0m\n    \u001b[0m\u001b[0m  \u001b[32m200\u001b[39m\n    \u001b[0mReceived:\u001b[0m\n    \u001b[0m\u001b[0m  \u001b[31m401\u001b[39m\n\u001b[2m\u001b[22m\n\u001b[2m    \u001b[0m \u001b[90m 466 |\u001b[39m     })\u001b[33m;\u001b[39m\u001b[22m\n\u001b[2m     \u001b[90m 467 |\u001b[39m\u001b[22m\n\u001b[2m    \u001b[31m\u001b[1m>\u001b[22m\u001b[2m\u001b[39m\u001b[90m 468 |\u001b[39m     assert\u001b[33m.\u001b[39mequal(response\u001b[33m.\u001b[39mstatus\u001b[33m,\u001b[39m \u001b[35m200\u001b[39m)\u001b[33m;\u001b[39m\u001b[22m\n\u001b[2m     \u001b[90m     |\u001b[39m            \u001b[31m\u001b[1m^\u001b[22m\u001b[2m\u001b[39m\u001b[22m\n\u001b[2m     \u001b[90m 469 |\u001b[39m     assert\u001b[33m.\u001b[39mequal(response\u001b[33m.\u001b[39mbody\u001b[33m.\u001b[39msuccess\u001b[33m,\u001b[39m \u001b[36mtrue\u001b[39m)\u001b[33m;\u001b[39m\u001b[22m\n\u001b[2m     \u001b[90m 470 |\u001b[39m     assert\u001b[33m.\u001b[39mok(response\u001b[33m.\u001b[39mbody\u001b[33m.\u001b[39mdata\u001b[33m.\u001b[39maccessToken)\u001b[33m;\u001b[39m\u001b[22m\n\u001b[2m     \u001b[90m 471 |\u001b[39m     assert\u001b[33m.\u001b[39mok(response\u001b[33m.\u001b[39mbody\u001b[33m.\u001b[39mdata\u001b[33m.\u001b[39mrefreshToken)\u001b[33m;\u001b[39m\u001b[0m\u001b[22m\n\u001b[2m\u001b[22m\n\u001b[2m      \u001b[2mat Object.equal (\u001b[22m\u001b[2m\u001b[0m\u001b[36msrc/__tests__/user.test.js\u001b[39m\u001b[0m\u001b[2m:468:12)\u001b[22m\u001b[2m\u001b[22m\n\n\u001b[1m\u001b[31m  \u001b[1m● \u001b[22m\u001b[1mPOST /api/users/change-password - should generate new tokens after password change\u001b[39m\u001b[22m\n\n    \u001b[2massert\u001b[22m\u001b[2m.strictEqual(\u001b[22m\u001b[31mreceived\u001b[39m\u001b[2m, \u001b[22m\u001b[32mexpected\u001b[39m\u001b[2m)\u001b[22m\n\n    \u001b[0mExpected value to strictly be equal to:\u001b[0m\n    \u001b[0m\u001b[0m  \u001b[32m200\u001b[39m\n    \u001b[0mReceived:\u001b[0m\n    \u001b[0m\u001b[0m  \u001b[31m401\u001b[39m\n\u001b[2m\u001b[22m\n\u001b[2m    \u001b[0m \u001b[90m 484 |\u001b[39m         })\u001b[33m;\u001b[39m\u001b[22m\n\u001b[2m     \u001b[90m 485 |\u001b[39m\u001b[22m\n\u001b[2m    \u001b[31m\u001b[1m>\u001b[22m\u001b[2m\u001b[39m\u001b[90m 486 |\u001b[39m     assert\u001b[33m.\u001b[39mequal(response\u001b[33m.\u001b[39mstatus\u001b[33m,\u001b[39m \u001b[35m200\u001b[39m)\u001b[33m;\u001b[39m\u001b[22m\n\u001b[2m     \u001b[90m     |\u001b[39m            \u001b[31m\u001b[1m^\u001b[22m\u001b[2m\u001b[39m\u001b[22m\n\u001b[2m     \u001b[90m 487 |\u001b[39m     assert\u001b[33m.\u001b[39mequal(response\u001b[33m.\u001b[39mbody\u001b[33m.\u001b[39msuccess\u001b[33m,\u001b[39m \u001b[36mtrue\u001b[39m)\u001b[33m;\u001b[39m\u001b[22m\n\u001b[2m     \u001b[90m 488 |\u001b[39m     assert\u001b[33m.\u001b[39mok(response\u001b[33m.\u001b[39mbody\u001b[33m.\u001b[39mdata\u001b[33m.\u001b[39maccessToken)\u001b[33m;\u001b[39m\u001b[22m\n\u001b[2m     \u001b[90m 489 |\u001b[39m     assert\u001b[33m.\u001b[39mok(response\u001b[33m.\u001b[39mbody\u001b[33m.\u001b[39mdata\u001b[33m.\u001b[39mrefreshToken)\u001b[33m;\u001b[39m\u001b[0m\u001b[22m\n\u001b[2m\u001b[22m\n\u001b[2m      \u001b[2mat Object.equal (\u001b[22m\u001b[2m\u001b[0m\u001b[36msrc/__tests__/user.test.js\u001b[39m\u001b[0m\u001b[2m:486:12)\u001b[22m\u001b[2m\u001b[22m\n","name":"/Users/advait/MSCS/Sem1/SE/Proj3/SE_Project-3_Group4/Proj_2/Howl2Go_backend/src/__tests__/user.test.js","startTime":1764807362013,"status":"failed","summary":""},{"assertionResults":[{"ancestorTitles":["Cart API Tests","GET /api/cart"],"duration":30,"failing":false,"failureDetails":[],"failureMessages":[],"fullName":"Cart API Tests GET /api/cart should return empty cart for new session","invocations":1,"location":null,"numPassingAsserts":0,"retryReasons":[],"startAt":1764807366834,"status":"passed","title":"should return empty cart for new session"},{"ancestorTitles":["Cart API Tests","POST /api/cart/items"],"duration":24,"failing":false,"failureDetails":[],"failureMessages":[],"fullName":"Cart API Tests POST /api/cart/items should add item to cart","invocations":1,"location":null,"numPassingAsserts":0,"retryReasons":[],"startAt":1764807366864,"status":"passed","title":"should add item to cart"},{"ancestorTitles":["Cart API Tests","POST /api/cart/items"],"duration":30,"failing":false,"failureDetails":[{"message":"\u001b[2massert\u001b[22m\u001b[2m.strictEqual(\u001b[22m\u001b[31mreceived\u001b[39m\u001b[2m, \u001b[22m\u001b[32mexpected\u001b[39m\u001b[2m)\u001b[22m\n\n\u001b[0mExpected value to strictly be equal to:\u001b[0m\n\u001b[0m\u001b[0m  \u001b[32m3\u001b[39m\n\u001b[0mReceived:\u001b[0m\n\u001b[0m\u001b[0m  \u001b[31m1\u001b[39m\n    at Object.strictEqual (/Users/advait/MSCS/Sem1/SE/Proj3/SE_Project-3_Group4/Proj_2/Howl2Go_backend/src/__tests__/cart.test.js:94:20)\n    at processTicksAndRejections (node:internal/process/task_queues:103:5)"}],"failureMessages":["\u001b[2massert\u001b[22m\u001b[2m.strictEqual(\u001b[22m\u001b[31mreceived\u001b[39m\u001b[2m, \u001b[22m\u001b[32mexpected\u001b[39m\u001b[2m)\u001b[22m\n\n\u001b[0mExpected value to strictly be equal to:\u001b[0m\n\u001b[0m\u001b[0m  \u001b[32m3\u001b[39m\n\u001b[0mReceived:\u001b[0m\n\u001b[0m\u001b[0m  \u001b[31m1\u001b[39m\n    at Object.strictEqual (/Users/advait/MSCS/Sem1/SE/Proj3/SE_Project-3_Group4/Proj_2/Howl2Go_backend/src/__tests__/cart.test.js:94:20)\n    at processTicksAndRejections (node:internal/process/task_queues:103:5)"],"fullName":"Cart API Tests POST /api/cart/items should increase quantity when adding same item twice","invocations":1,"location":null,"numPassingAsserts":0,"retryReasons":[],"startAt":1764807366889,"status":"failed","title":"should increase quantity when adding same item twice"},{"ancestorTitles":["Cart API Tests","POST /api/cart/items"],"duration":9,"failing":false,"failureDetails":[],"failureMessages":[],"fullName":"Cart API Tests POST /api/cart/items should return 400 if foodItemId is missing","invocations":1,"location":null,"numPassingAsserts":0,"retryReasons":[],"startAt":1764807366920,"status":"passed","title":"should return 400 if foodItemId is missing"},{"ancestorTitles":["Cart API Tests","POST /api/cart/items"],"duration":7,"failing":false,"failureDetails":[],"failureMessages":[],"fullName":"Cart API Tests POST /api/cart/items should return 404 if food item does not exist","invocations":1,"location":null,"numPassingAsserts":0,"retryReasons":[],"startAt":1764807366929,"status":"passed","title":"should return 404 if food item does not exist"},{"ancestorTitles":["Cart API Tests","PATCH /api/cart/items/:foodItemId"],"duration":25,"failing":false,"failureDetails":[],"failureMessages":[],"fullName":"Cart API Tests PATCH /api/cart/items/:foodItemId should update item quantity","invocations":1,"location":null,"numPassingAsserts":0,"retryReasons":[],"startAt":1764807366937,"status":"passed","title":"should update item quantity"},{"ancestorTitles":["Cart API Tests","PATCH /api/cart/items/:foodItemId"],"duration":21,"failing":false,"failureDetails":[{"message":"\u001b[2massert\u001b[22m\u001b[2m.strictEqual(\u001b[22m\u001b[31mreceived\u001b[39m\u001b[2m, \u001b[22m\u001b[32mexpected\u001b[39m\u001b[2m)\u001b[22m\n\n\u001b[0mExpected value to strictly be equal to:\u001b[0m\n\u001b[0m\u001b[0m  \u001b[32m200\u001b[39m\n\u001b[0mReceived:\u001b[0m\n\u001b[0m\u001b[0m  \u001b[31m400\u001b[39m\n    at Object.strictEqual (/Users/advait/MSCS/Sem1/SE/Proj3/SE_Project-3_Group4/Proj_2/Howl2Go_backend/src/__tests__/cart.test.js:148:20)\n    at processTicksAndRejections (node:internal/process/task_queues:103:5)"}],"failureMessages":["\u001b[2massert\u001b[22m\u001b[2m.strictEqual(\u001b[22m\u001b[31mreceived\u001b[39m\u001b[2m, \u001b[22m\u001b[32mexpected\u001b[39m\u001b[2m)\u001b[22m\n\n\u001b[0mExpected value to strictly be equal to:\u001b[0m\n\u001b[0m\u001b[0m  \u001b[32m200\u001b[39m\n\u001b[0mReceived:\u001b[0m\n\u001b[0m\u001b[0m  \u001b[31m400\u001b[39m\n    at Object.strictEqual (/Users/advait/MSCS/Sem1/SE/Proj3/SE_Project-3_Group4/Proj_2/Howl2Go_backend/src/__tests__/cart.test.js:148:20)\n    at processTicksAndRejections (node:internal/process/task_queues:103:5)"],"fullName":"Cart API Tests PATCH /api/cart/items/:foodItemId should remove item when quantity is 0","invocations":1,"location":null,"numPassingAsserts":0,"retryReasons":[],"startAt":1764807366963,"status":"failed","title":"should remove item when quantity is 0"},{"ancestorTitles":["Cart API Tests","DELETE /api/cart/items/:foodItemId"],"duration":23,"failing":false,"failureDetails":[],"failureMessages":[],"fullName":"Cart API Tests DELETE /api/cart/items/:foodItemId should remove item from cart","invocations":1,"location":null,"numPassingAsserts":0,"retryReasons":[],"startAt":1764807366984,"status":"passed","title":"should remove item from cart"},{"ancestorTitles":["Cart API Tests","DELETE /api/cart"],"duration":23,"failing":false,"failureDetails":[],"failureMessages":[],"fullName":"Cart API Tests DELETE /api/cart should clear entire cart","invocations":1,"location":null,"numPassingAsserts":0,"retryReasons":[],"startAt":1764807367007,"status":"passed","title":"should clear entire cart"},{"ancestorTitles":["Cart API Tests","Session persistence"],"duration":22,"failing":false,"failureDetails":[],"failureMessages":[],"fullName":"Cart API Tests Session persistence should maintain cart across multiple requests","invocations":1,"location":null,"numPassingAsserts":0,"retryReasons":[],"startAt":1764807367030,"status":"passed","title":"should maintain cart across multiple requests"},{"ancestorTitles":["Cart API Tests","Error Handling Tests"],"duration":32,"failing":false,"failureDetails":[],"failureMessages":[],"fullName":"Cart API Tests Error Handling Tests POST /api/cart/items - should handle invalid foodItemId format","invocations":1,"location":null,"numPassingAsserts":1,"retryReasons":[],"startAt":1764807367052,"status":"passed","title":"POST /api/cart/items - should handle invalid foodItemId format"},{"ancestorTitles":["Cart API Tests","Error Handling Tests"],"duration":14,"failing":false,"failureDetails":[{"matcherResult":{"message":"\u001b[2mexpect(\u001b[22m\u001b[31mreceived\u001b[39m\u001b[2m).\u001b[22mtoBeGreaterThanOrEqual\u001b[2m(\u001b[22m\u001b[32mexpected\u001b[39m\u001b[2m)\u001b[22m\n\nExpected: >= \u001b[32m400\u001b[39m\nReceived:    \u001b[31m200\u001b[39m","pass":false}}],"failureMessages":["Error: \u001b[2mexpect(\u001b[22m\u001b[31mreceived\u001b[39m\u001b[2m).\u001b[22mtoBeGreaterThanOrEqual\u001b[2m(\u001b[22m\u001b[32mexpected\u001b[39m\u001b[2m)\u001b[22m\n\nExpected: >= \u001b[32m400\u001b[39m\nReceived:    \u001b[31m200\u001b[39m\n    at Object.toBeGreaterThanOrEqual (/Users/advait/MSCS/Sem1/SE/Proj3/SE_Project-3_Group4/Proj_2/Howl2Go_backend/src/__tests__/cart.test.js:223:37)\n    at processTicksAndRejections (node:internal/process/task_queues:103:5)"],"fullName":"Cart API Tests Error Handling Tests POST /api/cart/items - should handle missing quantity","invocations":1,"location":null,"numPassingAsserts":0,"retryReasons":[],"startAt":1764807367084,"status":"failed","title":"POST /api/cart/items - should handle missing quantity"},{"ancestorTitles":["Cart API Tests","Error Handling Tests"],"duration":13,"failing":false,"failureDetails":[],"failureMessages":[],"fullName":"Cart API Tests Error Handling Tests POST /api/cart/items - should handle negative quantity","invocations":1,"location":null,"numPassingAsserts":1,"retryReasons":[],"startAt":1764807367103,"status":"passed","title":"POST /api/cart/items - should handle negative quantity"},{"ancestorTitles":["Cart API Tests","Error Handling Tests"],"duration":15,"failing":false,"failureDetails":[{"matcherResult":{"message":"\u001b[2mexpect(\u001b[22m\u001b[31mreceived\u001b[39m\u001b[2m).\u001b[22mtoBeGreaterThanOrEqual\u001b[2m(\u001b[22m\u001b[32mexpected\u001b[39m\u001b[2m)\u001b[22m\n\nExpected: >= \u001b[32m400\u001b[39m\nReceived:    \u001b[31m200\u001b[39m","pass":false}}],"failureMessages":["Error: \u001b[2mexpect(\u001b[22m\u001b[31mreceived\u001b[39m\u001b[2m).\u001b[22mtoBeGreaterThanOrEqual\u001b[2m(\u001b[22m\u001b[32mexpected\u001b[39m\u001b[2m)\u001b[22m\n\nExpected: >= \u001b[32m400\u001b[39m\nReceived:    \u001b[31m200\u001b[39m\n    at Object.toBeGreaterThanOrEqual (/Users/advait/MSCS/Sem1/SE/Proj3/SE_Project-3_Group4/Proj_2/Howl2Go_backend/src/__tests__/cart.test.js:243:37)\n    at processTicksAndRejections (node:internal/process/task_queues:103:5)"],"fullName":"Cart API Tests Error Handling Tests POST /api/cart/items - should handle zero quantity","invocations":1,"location":null,"numPassingAsserts":0,"retryReasons":[],"startAt":1764807367116,"status":"failed","title":"POST /api/cart/items - should handle zero quantity"},{"ancestorTitles":["Cart API Tests","Error Handling Tests"],"duration":7,"failing":false,"failureDetails":[],"failureMessages":[],"fullName":"Cart API Tests Error Handling Tests PATCH /api/cart/items/:id - should handle invalid item ID","invocations":1,"location":null,"numPassingAsserts":1,"retryReasons":[],"startAt":1764807367131,"status":"passed","title":"PATCH /api/cart/items/:id - should handle invalid item ID"},{"ancestorTitles":["Cart API Tests","Error Handling Tests"],"duration":8,"failing":false,"failureDetails":[],"failureMessages":[],"fullName":"Cart API Tests Error Handling Tests PATCH /api/cart/items/:id - should handle non-existent item","invocations":1,"location":null,"numPassingAsserts":1,"retryReasons":[],"startAt":1764807367138,"status":"passed","title":"PATCH /api/cart/items/:id - should handle non-existent item"},{"ancestorTitles":["Cart API Tests","Error Handling Tests"],"duration":21,"failing":false,"failureDetails":[],"failureMessages":[],"fullName":"Cart API Tests Error Handling Tests PATCH /api/cart/items/:id - should handle negative quantity update","invocations":1,"location":null,"numPassingAsserts":1,"retryReasons":[],"startAt":1764807367146,"status":"passed","title":"PATCH /api/cart/items/:id - should handle negative quantity update"},{"ancestorTitles":["Cart API Tests","Error Handling Tests"],"duration":7,"failing":false,"failureDetails":[],"failureMessages":[],"fullName":"Cart API Tests Error Handling Tests DELETE /api/cart/items/:id - should handle invalid item ID","invocations":1,"location":null,"numPassingAsserts":1,"retryReasons":[],"startAt":1764807367167,"status":"passed","title":"DELETE /api/cart/items/:id - should handle invalid item ID"},{"ancestorTitles":["Cart API Tests","Error Handling Tests"],"duration":7,"failing":false,"failureDetails":[],"failureMessages":[],"fullName":"Cart API Tests Error Handling Tests DELETE /api/cart/items/:id - should handle non-existent item","invocations":1,"location":null,"numPassingAsserts":1,"retryReasons":[],"startAt":1764807367174,"status":"passed","title":"DELETE /api/cart/items/:id - should handle non-existent item"},{"ancestorTitles":["Cart API Tests","Cart Calculations"],"duration":21,"failing":false,"failureDetails":[],"failureMessages":[],"fullName":"Cart API Tests Cart Calculations should calculate total price correctly","invocations":1,"location":null,"numPassingAsserts":1,"retryReasons":[],"startAt":1764807367181,"status":"passed","title":"should calculate total price correctly"},{"ancestorTitles":["Cart API Tests","Cart Calculations"],"duration":22,"failing":false,"failureDetails":[{"matcherResult":{"expected":1000,"message":"\u001b[2mexpect(\u001b[22m\u001b[31mreceived\u001b[39m\u001b[2m).\u001b[22mtoBe\u001b[2m(\u001b[22m\u001b[32mexpected\u001b[39m\u001b[2m) // Object.is equality\u001b[22m\n\nExpected: \u001b[32m1000\u001b[39m\nReceived: \u001b[31mundefined\u001b[39m","name":"toBe","pass":false}}],"failureMessages":["Error: \u001b[2mexpect(\u001b[22m\u001b[31mreceived\u001b[39m\u001b[2m).\u001b[22mtoBe\u001b[2m(\u001b[22m\u001b[32mexpected\u001b[39m\u001b[2m) // Object.is equality\u001b[22m\n\nExpected: \u001b[32m1000\u001b[39m\nReceived: \u001b[31mundefined\u001b[39m\n    at Object.toBe (/Users/advait/MSCS/Sem1/SE/Proj3/SE_Project-3_Group4/Proj_2/Howl2Go_backend/src/__tests__/cart.test.js:321:59)\n    at processTicksAndRejections (node:internal/process/task_queues:103:5)"],"fullName":"Cart API Tests Cart Calculations should calculate total calories correctly","invocations":1,"location":null,"numPassingAsserts":0,"retryReasons":[],"startAt":1764807367203,"status":"failed","title":"should calculate total calories correctly"},{"ancestorTitles":["Cart API Tests","Cart Calculations"],"duration":40,"failing":false,"failureDetails":[],"failureMessages":[],"fullName":"Cart API Tests Cart Calculations should recalculate totals when quantity changes","invocations":1,"location":null,"numPassingAsserts":0,"retryReasons":[],"startAt":1764807367226,"status":"passed","title":"should recalculate totals when quantity changes"},{"ancestorTitles":["Cart API Tests","Multiple Items"],"duration":35,"failing":false,"failureDetails":[],"failureMessages":[],"fullName":"Cart API Tests Multiple Items should handle multiple different items in cart","invocations":1,"location":null,"numPassingAsserts":0,"retryReasons":[],"startAt":1764807367268,"status":"passed","title":"should handle multiple different items in cart"},{"ancestorTitles":["Cart API Tests","Multiple Items"],"duration":47,"failing":false,"failureDetails":[{"message":"\u001b[2massert\u001b[22m\u001b[2m.strictEqual(\u001b[22m\u001b[31mreceived\u001b[39m\u001b[2m, \u001b[22m\u001b[32mexpected\u001b[39m\u001b[2m)\u001b[22m\n\n\u001b[0mExpected value to strictly be equal to:\u001b[0m\n\u001b[0m\u001b[0m  \u001b[32m\"6930d2c7c5a2f8b5f3e68cf9\"\u001b[39m\n\u001b[0mReceived:\u001b[0m\n\u001b[0m\u001b[0m  \u001b[31m\"[object Object]\"\u001b[39m\n\nDifference:\n\n\u001b[32m- Expected\u001b[39m\n\u001b[31m+ Received\u001b[39m\n\n\u001b[32m- 6930d2c7c5a2f8b5f3e68cf9\u001b[39m\n\u001b[31m+ [object Object]\u001b[39m\n    at Object.strictEqual (/Users/advait/MSCS/Sem1/SE/Proj3/SE_Project-3_Group4/Proj_2/Howl2Go_backend/src/__tests__/cart.test.js:400:20)\n    at processTicksAndRejections (node:internal/process/task_queues:103:5)"}],"failureMessages":["\u001b[2massert\u001b[22m\u001b[2m.strictEqual(\u001b[22m\u001b[31mreceived\u001b[39m\u001b[2m, \u001b[22m\u001b[32mexpected\u001b[39m\u001b[2m)\u001b[22m\n\n\u001b[0mExpected value to strictly be equal to:\u001b[0m\n\u001b[0m\u001b[0m  \u001b[32m\"6930d2c7c5a2f8b5f3e68cf9\"\u001b[39m\n\u001b[0mReceived:\u001b[0m\n\u001b[0m\u001b[0m  \u001b[31m\"[object Object]\"\u001b[39m\n\nDifference:\n\n\u001b[32m- Expected\u001b[39m\n\u001b[31m+ Received\u001b[39m\n\n\u001b[32m- 6930d2c7c5a2f8b5f3e68cf9\u001b[39m\n\u001b[31m+ [object Object]\u001b[39m\n    at Object.strictEqual (/Users/advait/MSCS/Sem1/SE/Proj3/SE_Project-3_Group4/Proj_2/Howl2Go_backend/src/__tests__/cart.test.js:400:20)\n    at processTicksAndRejections (node:internal/process/task_queues:103:5)"],"fullName":"Cart API Tests Multiple Items should remove specific item without affecting others","invocations":1,"location":null,"numPassingAsserts":0,"retryReasons":[],"startAt":1764807367303,"status":"failed","title":"should remove specific item without affecting others"},{"ancestorTitles":["Cart API Tests","POST /api/cart/merge"],"duration":8,"failing":false,"failureDetails":[{"message":"\u001b[2massert\u001b[22m\u001b[2m.strictEqual(\u001b[22m\u001b[31mreceived\u001b[39m\u001b[2m, \u001b[22m\u001b[32mexpected\u001b[39m\u001b[2m)\u001b[22m\n\n\u001b[0mExpected value to strictly be equal to:\u001b[0m\n\u001b[0m\u001b[0m  \u001b[32m\"Authentication required\"\u001b[39m\n\u001b[0mReceived:\u001b[0m\n\u001b[0m\u001b[0m  \u001b[31m\"Authentication required. Please provide a valid token.\"\u001b[39m\n\nDifference:\n\n\u001b[32m- Expected\u001b[39m\n\u001b[31m+ Received\u001b[39m\n\n\u001b[32m- Authentication required\u001b[39m\n\u001b[31m+ Authentication required. Please provide a valid token.\u001b[39m\n    at Object.strictEqual (/Users/advait/MSCS/Sem1/SE/Proj3/SE_Project-3_Group4/Proj_2/Howl2Go_backend/src/__tests__/cart.test.js:413:20)\n    at processTicksAndRejections (node:internal/process/task_queues:103:5)"}],"failureMessages":["\u001b[2massert\u001b[22m\u001b[2m.strictEqual(\u001b[22m\u001b[31mreceived\u001b[39m\u001b[2m, \u001b[22m\u001b[32mexpected\u001b[39m\u001b[2m)\u001b[22m\n\n\u001b[0mExpected value to strictly be equal to:\u001b[0m\n\u001b[0m\u001b[0m  \u001b[32m\"Authentication required\"\u001b[39m\n\u001b[0mReceived:\u001b[0m\n\u001b[0m\u001b[0m  \u001b[31m\"Authentication required. Please provide a valid token.\"\u001b[39m\n\nDifference:\n\n\u001b[32m- Expected\u001b[39m\n\u001b[31m+ Received\u001b[39m\n\n\u001b[32m- Authentication required\u001b[39m\n\u001b[31m+ Authentication required. Please provide a valid token.\u001b[39m\n    at Object.strictEqual (/Users/advait/MSCS/Sem1/SE/Proj3/SE_Project-3_Group4/Proj_2/Howl2Go_backend/src/__tests__/cart.test.js:413:20)\n    at processTicksAndRejections (node:internal/process/task_queues:103:5)"],"fullName":"Cart API Tests POST /api/cart/merge should return 401 when user is not authenticated","invocations":1,"location":null,"numPassingAsserts":0,"retryReasons":[],"startAt":1764807367351,"status":"failed","title":"should return 401 when user is not authenticated"},{"ancestorTitles":["Cart API Tests","Edge Cases - Missing Nutritional Data"],"duration":17,"failing":false,"failureDetails":[],"failureMessages":[],"fullName":"Cart API Tests Edge Cases - Missing Nutritional Data should handle adding item with missing nutritional data","invocations":1,"location":null,"numPassingAsserts":0,"retryReasons":[],"startAt":1764807367359,"status":"passed","title":"should handle adding item with missing nutritional data"},{"ancestorTitles":["Cart API Tests","Edge Cases - Missing Nutritional Data"],"duration":15,"failing":false,"failureDetails":[],"failureMessages":[],"fullName":"Cart API Tests Edge Cases - Missing Nutritional Data should handle item with partial nutritional data","invocations":1,"location":null,"numPassingAsserts":0,"retryReasons":[],"startAt":1764807367376,"status":"passed","title":"should handle item with partial nutritional data"},{"ancestorTitles":["Cart API Tests","Edge Cases - Quantity Handling"],"duration":13,"failing":false,"failureDetails":[],"failureMessages":[],"fullName":"Cart API Tests Edge Cases - Quantity Handling should handle extremely large quantity","invocations":1,"location":null,"numPassingAsserts":0,"retryReasons":[],"startAt":1764807367391,"status":"passed","title":"should handle extremely large quantity"},{"ancestorTitles":["Cart API Tests","Edge Cases - Quantity Handling"],"duration":14,"failing":false,"failureDetails":[],"failureMessages":[],"fullName":"Cart API Tests Edge Cases - Quantity Handling should handle string quantity and convert to integer","invocations":1,"location":null,"numPassingAsserts":0,"retryReasons":[],"startAt":1764807367405,"status":"passed","title":"should handle string quantity and convert to integer"},{"ancestorTitles":["Cart API Tests","Edge Cases - Quantity Handling"],"duration":13,"failing":false,"failureDetails":[],"failureMessages":[],"fullName":"Cart API Tests Edge Cases - Quantity Handling should handle float quantity by converting to integer","invocations":1,"location":null,"numPassingAsserts":0,"retryReasons":[],"startAt":1764807367419,"status":"passed","title":"should handle float quantity by converting to integer"},{"ancestorTitles":["Cart API Tests","Edge Cases - Quantity Handling"],"duration":13,"failing":false,"failureDetails":[],"failureMessages":[],"fullName":"Cart API Tests Edge Cases - Quantity Handling should handle very small quantity","invocations":1,"location":null,"numPassingAsserts":0,"retryReasons":[],"startAt":1764807367432,"status":"passed","title":"should handle very small quantity"},{"ancestorTitles":["Cart API Tests","Cart Not Found Scenarios"],"duration":3,"failing":false,"failureDetails":[],"failureMessages":[],"fullName":"Cart API Tests Cart Not Found Scenarios should return 404 when updating non-existent cart","invocations":1,"location":null,"numPassingAsserts":1,"retryReasons":[],"startAt":1764807367445,"status":"passed","title":"should return 404 when updating non-existent cart"},{"ancestorTitles":["Cart API Tests","Cart Not Found Scenarios"],"duration":9,"failing":false,"failureDetails":[],"failureMessages":[],"fullName":"Cart API Tests Cart Not Found Scenarios should return 404 when clearing non-existent cart","invocations":1,"location":null,"numPassingAsserts":0,"retryReasons":[],"startAt":1764807367448,"status":"passed","title":"should return 404 when clearing non-existent cart"},{"ancestorTitles":["Cart API Tests","Development vs Production Error Messages"],"duration":8,"failing":false,"failureDetails":[],"failureMessages":[],"fullName":"Cart API Tests Development vs Production Error Messages should handle error responses in development mode","invocations":1,"location":null,"numPassingAsserts":1,"retryReasons":[],"startAt":1764807367457,"status":"passed","title":"should handle error responses in development mode"},{"ancestorTitles":["Cart API Tests","Development vs Production Error Messages"],"duration":7,"failing":false,"failureDetails":[],"failureMessages":[],"fullName":"Cart API Tests Development vs Production Error Messages should handle error responses in production mode","invocations":1,"location":null,"numPassingAsserts":1,"retryReasons":[],"startAt":1764807367465,"status":"passed","title":"should handle error responses in production mode"},{"ancestorTitles":["Cart API Tests","Cart Item Data Integrity"],"duration":13,"failing":false,"failureDetails":[],"failureMessages":[],"fullName":"Cart API Tests Cart Item Data Integrity should store complete food item data when adding to cart","invocations":1,"location":null,"numPassingAsserts":6,"retryReasons":[],"startAt":1764807367473,"status":"passed","title":"should store complete food item data when adding to cart"},{"ancestorTitles":["Cart API Tests","Cart Item Data Integrity"],"duration":41,"failing":false,"failureDetails":[],"failureMessages":[],"fullName":"Cart API Tests Cart Item Data Integrity should maintain data consistency across cart operations","invocations":1,"location":null,"numPassingAsserts":4,"retryReasons":[],"startAt":1764807367486,"status":"passed","title":"should maintain data consistency across cart operations"},{"ancestorTitles":["Cart API Tests","Concurrent Operations"],"duration":50,"failing":false,"failureDetails":[],"failureMessages":[],"fullName":"Cart API Tests Concurrent Operations should handle multiple add operations in sequence","invocations":1,"location":null,"numPassingAsserts":0,"retryReasons":[],"startAt":1764807367527,"status":"passed","title":"should handle multiple add operations in sequence"},{"ancestorTitles":["Cart API Tests","Concurrent Operations"],"duration":53,"failing":false,"failureDetails":[],"failureMessages":[],"fullName":"Cart API Tests Concurrent Operations should handle rapid quantity updates","invocations":1,"location":null,"numPassingAsserts":0,"retryReasons":[],"startAt":1764807367577,"status":"passed","title":"should handle rapid quantity updates"},{"ancestorTitles":["Cart API Tests","Cart Price Handling"],"duration":13,"failing":false,"failureDetails":[{"matcherResult":{"actual":2,"expected":0,"message":"\u001b[2mexpect(\u001b[22m\u001b[31mreceived\u001b[39m\u001b[2m).\u001b[22mtoBe\u001b[2m(\u001b[22m\u001b[32mexpected\u001b[39m\u001b[2m) // Object.is equality\u001b[22m\n\nExpected: \u001b[32m0\u001b[39m\nReceived: \u001b[31m2\u001b[39m","name":"toBe","pass":false}}],"failureMessages":["Error: \u001b[2mexpect(\u001b[22m\u001b[31mreceived\u001b[39m\u001b[2m).\u001b[22mtoBe\u001b[2m(\u001b[22m\u001b[32mexpected\u001b[39m\u001b[2m) // Object.is equality\u001b[22m\n\nExpected: \u001b[32m0\u001b[39m\nReceived: \u001b[31m2\u001b[39m\n    at Object.toBe (/Users/advait/MSCS/Sem1/SE/Proj3/SE_Project-3_Group4/Proj_2/Howl2Go_backend/src/__tests__/cart.test.js:668:60)\n    at processTicksAndRejections (node:internal/process/task_queues:103:5)"],"fullName":"Cart API Tests Cart Price Handling should set price to 0 when adding items","invocations":1,"location":null,"numPassingAsserts":0,"retryReasons":[],"startAt":1764807367630,"status":"failed","title":"should set price to 0 when adding items"},{"ancestorTitles":["Cart API Tests","Cart Price Handling"],"duration":13,"failing":false,"failureDetails":[],"failureMessages":[],"fullName":"Cart API Tests Cart Price Handling should calculate totalPrice correctly","invocations":1,"location":null,"numPassingAsserts":1,"retryReasons":[],"startAt":1764807367643,"status":"passed","title":"should calculate totalPrice correctly"},{"ancestorTitles":["Cart API Tests","User Association"],"duration":9,"failing":false,"failureDetails":[{"matcherResult":{"message":"\u001b[2mexpect(\u001b[22m\u001b[31mreceived\u001b[39m\u001b[2m).\u001b[22mtoBeUndefined\u001b[2m()\u001b[22m\n\nReceived: \u001b[31mnull\u001b[39m","pass":false}}],"failureMessages":["Error: \u001b[2mexpect(\u001b[22m\u001b[31mreceived\u001b[39m\u001b[2m).\u001b[22mtoBeUndefined\u001b[2m()\u001b[22m\n\nReceived: \u001b[31mnull\u001b[39m\n    at Object.toBeUndefined (/Users/advait/MSCS/Sem1/SE/Proj3/SE_Project-3_Group4/Proj_2/Howl2Go_backend/src/__tests__/cart.test.js:687:52)\n    at processTicksAndRejections (node:internal/process/task_queues:103:5)"],"fullName":"Cart API Tests User Association should handle cart without userId","invocations":1,"location":null,"numPassingAsserts":0,"retryReasons":[],"startAt":1764807367656,"status":"failed","title":"should handle cart without userId"},{"ancestorTitles":["Cart API Tests","User Association"],"duration":12,"failing":false,"failureDetails":[],"failureMessages":[],"fullName":"Cart API Tests User Association should create cart with session only","invocations":1,"location":null,"numPassingAsserts":1,"retryReasons":[],"startAt":1764807367666,"status":"passed","title":"should create cart with session only"},{"ancestorTitles":["Cart API Tests","Response Structure Validation"],"duration":8,"failing":false,"failureDetails":[],"failureMessages":[],"fullName":"Cart API Tests Response Structure Validation should return consistent response structure for getCart","invocations":1,"location":null,"numPassingAsserts":7,"retryReasons":[],"startAt":1764807367679,"status":"passed","title":"should return consistent response structure for getCart"},{"ancestorTitles":["Cart API Tests","Response Structure Validation"],"duration":14,"failing":false,"failureDetails":[],"failureMessages":[],"fullName":"Cart API Tests Response Structure Validation should return consistent response structure for addItemToCart","invocations":1,"location":null,"numPassingAsserts":4,"retryReasons":[],"startAt":1764807367687,"status":"passed","title":"should return consistent response structure for addItemToCart"},{"ancestorTitles":["Cart API Tests","Response Structure Validation"],"duration":24,"failing":false,"failureDetails":[],"failureMessages":[],"fullName":"Cart API Tests Response Structure Validation should return consistent response structure for updateCartItemQuantity","invocations":1,"location":null,"numPassingAsserts":4,"retryReasons":[],"startAt":1764807367701,"status":"passed","title":"should return consistent response structure for updateCartItemQuantity"},{"ancestorTitles":["Cart API Tests","Response Structure Validation"],"duration":23,"failing":false,"failureDetails":[],"failureMessages":[],"fullName":"Cart API Tests Response Structure Validation should return consistent response structure for removeItemFromCart","invocations":1,"location":null,"numPassingAsserts":4,"retryReasons":[],"startAt":1764807367725,"status":"passed","title":"should return consistent response structure for removeItemFromCart"},{"ancestorTitles":["Cart API Tests","Response Structure Validation"],"duration":21,"failing":false,"failureDetails":[],"failureMessages":[],"fullName":"Cart API Tests Response Structure Validation should return consistent response structure for clearCart","invocations":1,"location":null,"numPassingAsserts":4,"retryReasons":[],"startAt":1764807367748,"status":"passed","title":"should return consistent response structure for clearCart"},{"ancestorTitles":["Cart API Tests","Message Variations"],"duration":20,"failing":false,"failureDetails":[{"message":"\u001b[2massert\u001b[22m\u001b[2m.strictEqual(\u001b[22m\u001b[31mreceived\u001b[39m\u001b[2m, \u001b[22m\u001b[32mexpected\u001b[39m\u001b[2m)\u001b[22m\n\n\u001b[0mExpected value to strictly be equal to:\u001b[0m\n\u001b[0m\u001b[0m  \u001b[32m200\u001b[39m\n\u001b[0mReceived:\u001b[0m\n\u001b[0m\u001b[0m  \u001b[31m400\u001b[39m\n    at Object.strictEqual (/Users/advait/MSCS/Sem1/SE/Proj3/SE_Project-3_Group4/Proj_2/Howl2Go_backend/src/__tests__/cart.test.js:793:20)\n    at processTicksAndRejections (node:internal/process/task_queues:103:5)"}],"failureMessages":["\u001b[2massert\u001b[22m\u001b[2m.strictEqual(\u001b[22m\u001b[31mreceived\u001b[39m\u001b[2m, \u001b[22m\u001b[32mexpected\u001b[39m\u001b[2m)\u001b[22m\n\n\u001b[0mExpected value to strictly be equal to:\u001b[0m\n\u001b[0m\u001b[0m  \u001b[32m200\u001b[39m\n\u001b[0mReceived:\u001b[0m\n\u001b[0m\u001b[0m  \u001b[31m400\u001b[39m\n    at Object.strictEqual (/Users/advait/MSCS/Sem1/SE/Proj3/SE_Project-3_Group4/Proj_2/Howl2Go_backend/src/__tests__/cart.test.js:793:20)\n    at processTicksAndRejections (node:internal/process/task_queues:103:5)"],"fullName":"Cart API Tests Message Variations should return 'Item removed from cart' when quantity is set to 0","invocations":1,"location":null,"numPassingAsserts":0,"retryReasons":[],"startAt":1764807367769,"status":"failed","title":"should return 'Item removed from cart' when quantity is set to 0"},{"ancestorTitles":["Cart API Tests","Message Variations"],"duration":25,"failing":false,"failureDetails":[],"failureMessages":[],"fullName":"Cart API Tests Message Variations should return 'Cart updated' when quantity is changed","invocations":1,"location":null,"numPassingAsserts":0,"retryReasons":[],"startAt":1764807367789,"status":"passed","title":"should return 'Cart updated' when quantity is changed"},{"ancestorTitles":["Cart API Tests","Additional Coverage for Untested Code Paths"],"duration":17,"failing":false,"failureDetails":[],"failureMessages":[],"fullName":"Cart API Tests Additional Coverage for Untested Code Paths should calculate price for food items with zero calories","invocations":1,"location":null,"numPassingAsserts":1,"retryReasons":[],"startAt":1764807367814,"status":"passed","title":"should calculate price for food items with zero calories"},{"ancestorTitles":["Cart API Tests","Additional Coverage for Untested Code Paths"],"duration":16,"failing":false,"failureDetails":[],"failureMessages":[],"fullName":"Cart API Tests Additional Coverage for Untested Code Paths should calculate price for food items with null calories","invocations":1,"location":null,"numPassingAsserts":1,"retryReasons":[],"startAt":1764807367831,"status":"passed","title":"should calculate price for food items with null calories"},{"ancestorTitles":["Cart API Tests","Additional Coverage for Untested Code Paths"],"duration":14,"failing":false,"failureDetails":[{"matcherResult":{"actual":2,"expected":15,"message":"\u001b[2mexpect(\u001b[22m\u001b[31mreceived\u001b[39m\u001b[2m).\u001b[22mtoBe\u001b[2m(\u001b[22m\u001b[32mexpected\u001b[39m\u001b[2m) // Object.is equality\u001b[22m\n\nExpected: \u001b[32m15\u001b[39m\nReceived: \u001b[31m2\u001b[39m","name":"toBe","pass":false}}],"failureMessages":["Error: \u001b[2mexpect(\u001b[22m\u001b[31mreceived\u001b[39m\u001b[2m).\u001b[22mtoBe\u001b[2m(\u001b[22m\u001b[32mexpected\u001b[39m\u001b[2m) // Object.is equality\u001b[22m\n\nExpected: \u001b[32m15\u001b[39m\nReceived: \u001b[31m2\u001b[39m\n    at Object.toBe (/Users/advait/MSCS/Sem1/SE/Proj3/SE_Project-3_Group4/Proj_2/Howl2Go_backend/src/__tests__/cart.test.js:879:60)\n    at processTicksAndRejections (node:internal/process/task_queues:103:5)"],"fullName":"Cart API Tests Additional Coverage for Untested Code Paths should calculate price with maximum cap for high-calorie items","invocations":1,"location":null,"numPassingAsserts":0,"retryReasons":[],"startAt":1764807367847,"status":"failed","title":"should calculate price with maximum cap for high-calorie items"},{"ancestorTitles":["Cart API Tests","Additional Coverage for Untested Code Paths"],"duration":16,"failing":false,"failureDetails":[],"failureMessages":[],"fullName":"Cart API Tests Additional Coverage for Untested Code Paths should calculate price with minimum floor for very low-calorie items","invocations":1,"location":null,"numPassingAsserts":1,"retryReasons":[],"startAt":1764807367861,"status":"passed","title":"should calculate price with minimum floor for very low-calorie items"},{"ancestorTitles":["Cart API Tests","Additional Coverage for Untested Code Paths"],"duration":213,"failing":false,"failureDetails":[],"failureMessages":[],"fullName":"Cart API Tests Additional Coverage for Untested Code Paths should handle mergeCart with empty session cart and no existing user cart","invocations":1,"location":null,"numPassingAsserts":1,"retryReasons":[],"startAt":1764807367877,"status":"passed","title":"should handle mergeCart with empty session cart and no existing user cart"},{"ancestorTitles":["Cart API Tests","Additional Coverage for Untested Code Paths"],"duration":229,"failing":false,"failureDetails":[],"failureMessages":[],"fullName":"Cart API Tests Additional Coverage for Untested Code Paths should merge session cart into existing user cart","invocations":1,"location":null,"numPassingAsserts":1,"retryReasons":[],"startAt":1764807368090,"status":"passed","title":"should merge session cart into existing user cart"},{"ancestorTitles":["Cart API Tests","Additional Coverage for Untested Code Paths"],"duration":224,"failing":false,"failureDetails":[],"failureMessages":[],"fullName":"Cart API Tests Additional Coverage for Untested Code Paths should associate guest cart with user when user logs in via getOrCreateCart","invocations":1,"location":null,"numPassingAsserts":1,"retryReasons":[],"startAt":1764807368319,"status":"passed","title":"should associate guest cart with user when user logs in via getOrCreateCart"},{"ancestorTitles":["Cart API Tests","Additional Coverage for Untested Code Paths"],"duration":225,"failing":false,"failureDetails":[],"failureMessages":[],"fullName":"Cart API Tests Additional Coverage for Untested Code Paths should handle mergeCart when only session cart has items","invocations":1,"location":null,"numPassingAsserts":2,"retryReasons":[],"startAt":1764807368543,"status":"passed","title":"should handle mergeCart when only session cart has items"},{"ancestorTitles":["Cart API Tests","Additional Coverage for Untested Code Paths"],"duration":16,"failing":false,"failureDetails":[],"failureMessages":[],"fullName":"Cart API Tests Additional Coverage for Untested Code Paths should handle adding item with negative calories gracefully","invocations":1,"location":null,"numPassingAsserts":1,"retryReasons":[],"startAt":1764807368768,"status":"passed","title":"should handle adding item with negative calories gracefully"},{"ancestorTitles":["Cart API Tests","Additional Coverage for Untested Code Paths"],"duration":21,"failing":false,"failureDetails":[],"failureMessages":[],"fullName":"Cart API Tests Additional Coverage for Untested Code Paths should populate foodItem reference when getting cart","invocations":1,"location":null,"numPassingAsserts":3,"retryReasons":[],"startAt":1764807368784,"status":"passed","title":"should populate foodItem reference when getting cart"},{"ancestorTitles":["Cart API Tests","Additional Coverage for Untested Code Paths"],"duration":16,"failing":false,"failureDetails":[],"failureMessages":[],"fullName":"Cart API Tests Additional Coverage for Untested Code Paths should handle cart operations with all nutritional data fields","invocations":1,"location":null,"numPassingAsserts":4,"retryReasons":[],"startAt":1764807368805,"status":"passed","title":"should handle cart operations with all nutritional data fields"}],"endTime":1764807368859,"message":"\u001b[1m\u001b[31m  \u001b[1m● \u001b[22m\u001b[1mCart API Tests › POST /api/cart/items › should increase quantity when adding same item twice\u001b[39m\u001b[22m\n\n    \u001b[2massert\u001b[22m\u001b[2m.strictEqual(\u001b[22m\u001b[31mreceived\u001b[39m\u001b[2m, \u001b[22m\u001b[32mexpected\u001b[39m\u001b[2m)\u001b[22m\n\n    \u001b[0mExpected value to strictly be equal to:\u001b[0m\n    \u001b[0m\u001b[0m  \u001b[32m3\u001b[39m\n    \u001b[0mReceived:\u001b[0m\n    \u001b[0m\u001b[0m  \u001b[31m1\u001b[39m\n\u001b[2m\u001b[22m\n\u001b[2m    \u001b[0m \u001b[90m 92 |\u001b[39m             assert\u001b[33m.\u001b[39mstrictEqual(response\u001b[33m.\u001b[39mstatus\u001b[33m,\u001b[39m \u001b[35m200\u001b[39m)\u001b[33m;\u001b[39m\u001b[22m\n\u001b[2m     \u001b[90m 93 |\u001b[39m             assert\u001b[33m.\u001b[39mstrictEqual(response\u001b[33m.\u001b[39mbody\u001b[33m.\u001b[39mdata\u001b[33m.\u001b[39mcart\u001b[33m.\u001b[39mtotalItems\u001b[33m,\u001b[39m \u001b[35m3\u001b[39m)\u001b[33m;\u001b[39m\u001b[22m\n\u001b[2m    \u001b[31m\u001b[1m>\u001b[22m\u001b[2m\u001b[39m\u001b[90m 94 |\u001b[39m             assert\u001b[33m.\u001b[39mstrictEqual(response\u001b[33m.\u001b[39mbody\u001b[33m.\u001b[39mdata\u001b[33m.\u001b[39mcart\u001b[33m.\u001b[39mitems[\u001b[35m0\u001b[39m]\u001b[33m.\u001b[39mquantity\u001b[33m,\u001b[39m \u001b[35m3\u001b[39m)\u001b[33m;\u001b[39m\u001b[22m\n\u001b[2m     \u001b[90m    |\u001b[39m                    \u001b[31m\u001b[1m^\u001b[22m\u001b[2m\u001b[39m\u001b[22m\n\u001b[2m     \u001b[90m 95 |\u001b[39m         })\u001b[33m;\u001b[39m\u001b[22m\n\u001b[2m     \u001b[90m 96 |\u001b[39m\u001b[22m\n\u001b[2m     \u001b[90m 97 |\u001b[39m         test(\u001b[32m\"should return 400 if foodItemId is missing\"\u001b[39m\u001b[33m,\u001b[39m \u001b[36masync\u001b[39m () \u001b[33m=>\u001b[39m {\u001b[0m\u001b[22m\n\u001b[2m\u001b[22m\n\u001b[2m      \u001b[2mat Object.strictEqual (\u001b[22m\u001b[2m\u001b[0m\u001b[36msrc/__tests__/cart.test.js\u001b[39m\u001b[0m\u001b[2m:94:20)\u001b[22m\u001b[2m\u001b[22m\n\n\u001b[1m\u001b[31m  \u001b[1m● \u001b[22m\u001b[1mCart API Tests › PATCH /api/cart/items/:foodItemId › should remove item when quantity is 0\u001b[39m\u001b[22m\n\n    \u001b[2massert\u001b[22m\u001b[2m.strictEqual(\u001b[22m\u001b[31mreceived\u001b[39m\u001b[2m, \u001b[22m\u001b[32mexpected\u001b[39m\u001b[2m)\u001b[22m\n\n    \u001b[0mExpected value to strictly be equal to:\u001b[0m\n    \u001b[0m\u001b[0m  \u001b[32m200\u001b[39m\n    \u001b[0mReceived:\u001b[0m\n    \u001b[0m\u001b[0m  \u001b[31m400\u001b[39m\n\u001b[2m\u001b[22m\n\u001b[2m    \u001b[0m \u001b[90m 146 |\u001b[39m                 \u001b[33m.\u001b[39msend({ quantity\u001b[33m:\u001b[39m \u001b[35m0\u001b[39m })\u001b[33m;\u001b[39m\u001b[22m\n\u001b[2m     \u001b[90m 147 |\u001b[39m\u001b[22m\n\u001b[2m    \u001b[31m\u001b[1m>\u001b[22m\u001b[2m\u001b[39m\u001b[90m 148 |\u001b[39m             assert\u001b[33m.\u001b[39mstrictEqual(response\u001b[33m.\u001b[39mstatus\u001b[33m,\u001b[39m \u001b[35m200\u001b[39m)\u001b[33m;\u001b[39m\u001b[22m\n\u001b[2m     \u001b[90m     |\u001b[39m                    \u001b[31m\u001b[1m^\u001b[22m\u001b[2m\u001b[39m\u001b[22m\n\u001b[2m     \u001b[90m 149 |\u001b[39m             assert\u001b[33m.\u001b[39mstrictEqual(response\u001b[33m.\u001b[39mbody\u001b[33m.\u001b[39mdata\u001b[33m.\u001b[39mcart\u001b[33m.\u001b[39mtotalItems\u001b[33m,\u001b[39m \u001b[35m0\u001b[39m)\u001b[33m;\u001b[39m\u001b[22m\n\u001b[2m     \u001b[90m 150 |\u001b[39m             assert\u001b[33m.\u001b[39mstrictEqual(response\u001b[33m.\u001b[39mbody\u001b[33m.\u001b[39mdata\u001b[33m.\u001b[39mcart\u001b[33m.\u001b[39mitems\u001b[33m.\u001b[39mlength\u001b[33m,\u001b[39m \u001b[35m0\u001b[39m)\u001b[33m;\u001b[39m\u001b[22m\n\u001b[2m     \u001b[90m 151 |\u001b[39m         })\u001b[33m;\u001b[39m\u001b[0m\u001b[22m\n\u001b[2m\u001b[22m\n\u001b[2m      \u001b[2mat Object.strictEqual (\u001b[22m\u001b[2m\u001b[0m\u001b[36msrc/__tests__/cart.test.js\u001b[39m\u001b[0m\u001b[2m:148:20)\u001b[22m\u001b[2m\u001b[22m\n\n\u001b[1m\u001b[31m  \u001b[1m● \u001b[22m\u001b[1mCart API Tests › Error Handling Tests › POST /api/cart/items - should handle missing quantity\u001b[39m\u001b[22m\n\n    \u001b[2mexpect(\u001b[22m\u001b[31mreceived\u001b[39m\u001b[2m).\u001b[22mtoBeGreaterThanOrEqual\u001b[2m(\u001b[22m\u001b[32mexpected\u001b[39m\u001b[2m)\u001b[22m\n\n    Expected: >= \u001b[32m400\u001b[39m\n    Received:    \u001b[31m200\u001b[39m\n\u001b[2m\u001b[22m\n\u001b[2m    \u001b[0m \u001b[90m 221 |\u001b[39m             })\u001b[33m;\u001b[39m\u001b[22m\n\u001b[2m     \u001b[90m 222 |\u001b[39m\u001b[22m\n\u001b[2m    \u001b[31m\u001b[1m>\u001b[22m\u001b[2m\u001b[39m\u001b[90m 223 |\u001b[39m             expect(response\u001b[33m.\u001b[39mstatus)\u001b[33m.\u001b[39mtoBeGreaterThanOrEqual(\u001b[35m400\u001b[39m)\u001b[33m;\u001b[39m\u001b[22m\n\u001b[2m     \u001b[90m     |\u001b[39m                                     \u001b[31m\u001b[1m^\u001b[22m\u001b[2m\u001b[39m\u001b[22m\n\u001b[2m     \u001b[90m 224 |\u001b[39m             assert\u001b[33m.\u001b[39mstrictEqual(response\u001b[33m.\u001b[39mbody\u001b[33m.\u001b[39msuccess\u001b[33m,\u001b[39m \u001b[36mfalse\u001b[39m)\u001b[33m;\u001b[39m\u001b[22m\n\u001b[2m     \u001b[90m 225 |\u001b[39m         })\u001b[33m;\u001b[39m\u001b[22m\n\u001b[2m     \u001b[90m 226 |\u001b[39m\u001b[0m\u001b[22m\n\u001b[2m\u001b[22m\n\u001b[2m      \u001b[2mat Object.toBeGreaterThanOrEqual (\u001b[22m\u001b[2m\u001b[0m\u001b[36msrc/__tests__/cart.test.js\u001b[39m\u001b[0m\u001b[2m:223:37)\u001b[22m\u001b[2m\u001b[22m\n\n\u001b[1m\u001b[31m  \u001b[1m● \u001b[22m\u001b[1mCart API Tests › Error Handling Tests › POST /api/cart/items - should handle zero quantity\u001b[39m\u001b[22m\n\n    \u001b[2mexpect(\u001b[22m\u001b[31mreceived\u001b[39m\u001b[2m).\u001b[22mtoBeGreaterThanOrEqual\u001b[2m(\u001b[22m\u001b[32mexpected\u001b[39m\u001b[2m)\u001b[22m\n\n    Expected: >= \u001b[32m400\u001b[39m\n    Received:    \u001b[31m200\u001b[39m\n\u001b[2m\u001b[22m\n\u001b[2m    \u001b[0m \u001b[90m 241 |\u001b[39m             })\u001b[33m;\u001b[39m\u001b[22m\n\u001b[2m     \u001b[90m 242 |\u001b[39m\u001b[22m\n\u001b[2m    \u001b[31m\u001b[1m>\u001b[22m\u001b[2m\u001b[39m\u001b[90m 243 |\u001b[39m             expect(response\u001b[33m.\u001b[39mstatus)\u001b[33m.\u001b[39mtoBeGreaterThanOrEqual(\u001b[35m400\u001b[39m)\u001b[33m;\u001b[39m\u001b[22m\n\u001b[2m     \u001b[90m     |\u001b[39m                                     \u001b[31m\u001b[1m^\u001b[22m\u001b[2m\u001b[39m\u001b[22m\n\u001b[2m     \u001b[90m 244 |\u001b[39m             assert\u001b[33m.\u001b[39mstrictEqual(response\u001b[33m.\u001b[39mbody\u001b[33m.\u001b[39msuccess\u001b[33m,\u001b[39m \u001b[36mfalse\u001b[39m)\u001b[33m;\u001b[39m\u001b[22m\n\u001b[2m     \u001b[90m 245 |\u001b[39m         })\u001b[33m;\u001b[39m\u001b[22m\n\u001b[2m     \u001b[90m 246 |\u001b[39m\u001b[0m\u001b[22m\n\u001b[2m\u001b[22m\n\u001b[2m      \u001b[2mat Object.toBeGreaterThanOrEqual (\u001b[22m\u001b[2m\u001b[0m\u001b[36msrc/__tests__/cart.test.js\u001b[39m\u001b[0m\u001b[2m:243:37)\u001b[22m\u001b[2m\u001b[22m\n\n\u001b[1m\u001b[31m  \u001b[1m● \u001b[22m\u001b[1mCart API Tests › Cart Calculations › should calculate total calories correctly\u001b[39m\u001b[22m\n\n    \u001b[2mexpect(\u001b[22m\u001b[31mreceived\u001b[39m\u001b[2m).\u001b[22mtoBe\u001b[2m(\u001b[22m\u001b[32mexpected\u001b[39m\u001b[2m) // Object.is equality\u001b[22m\n\n    Expected: \u001b[32m1000\u001b[39m\n    Received: \u001b[31mundefined\u001b[39m\n\u001b[2m\u001b[22m\n\u001b[2m    \u001b[0m \u001b[90m 319 |\u001b[39m\u001b[22m\n\u001b[2m     \u001b[90m 320 |\u001b[39m             assert\u001b[33m.\u001b[39mstrictEqual(response\u001b[33m.\u001b[39mstatus\u001b[33m,\u001b[39m \u001b[35m200\u001b[39m)\u001b[33m;\u001b[39m\u001b[22m\n\u001b[2m    \u001b[31m\u001b[1m>\u001b[22m\u001b[2m\u001b[39m\u001b[90m 321 |\u001b[39m             expect(response\u001b[33m.\u001b[39mbody\u001b[33m.\u001b[39mdata\u001b[33m.\u001b[39mcart\u001b[33m.\u001b[39mtotalCalories)\u001b[33m.\u001b[39mtoBe(testFoodItem\u001b[33m.\u001b[39mcalories \u001b[33m*\u001b[39m \u001b[35m2\u001b[39m)\u001b[33m;\u001b[39m\u001b[22m\n\u001b[2m     \u001b[90m     |\u001b[39m                                                           \u001b[31m\u001b[1m^\u001b[22m\u001b[2m\u001b[39m\u001b[22m\n\u001b[2m     \u001b[90m 322 |\u001b[39m         })\u001b[33m;\u001b[39m\u001b[22m\n\u001b[2m     \u001b[90m 323 |\u001b[39m\u001b[22m\n\u001b[2m     \u001b[90m 324 |\u001b[39m         test(\u001b[32m\"should recalculate totals when quantity changes\"\u001b[39m\u001b[33m,\u001b[39m \u001b[36masync\u001b[39m () \u001b[33m=>\u001b[39m {\u001b[0m\u001b[22m\n\u001b[2m\u001b[22m\n\u001b[2m      \u001b[2mat Object.toBe (\u001b[22m\u001b[2m\u001b[0m\u001b[36msrc/__tests__/cart.test.js\u001b[39m\u001b[0m\u001b[2m:321:59)\u001b[22m\u001b[2m\u001b[22m\n\n\u001b[1m\u001b[31m  \u001b[1m● \u001b[22m\u001b[1mCart API Tests › Multiple Items › should remove specific item without affecting others\u001b[39m\u001b[22m\n\n    \u001b[2massert\u001b[22m\u001b[2m.strictEqual(\u001b[22m\u001b[31mreceived\u001b[39m\u001b[2m, \u001b[22m\u001b[32mexpected\u001b[39m\u001b[2m)\u001b[22m\n\n    \u001b[0mExpected value to strictly be equal to:\u001b[0m\n    \u001b[0m\u001b[0m  \u001b[32m\"6930d2c7c5a2f8b5f3e68cf9\"\u001b[39m\n    \u001b[0mReceived:\u001b[0m\n    \u001b[0m\u001b[0m  \u001b[31m\"[object Object]\"\u001b[39m\n\n    Difference:\n\n    \u001b[32m- Expected\u001b[39m\n    \u001b[31m+ Received\u001b[39m\n\n    \u001b[32m- 6930d2c7c5a2f8b5f3e68cf9\u001b[39m\n    \u001b[31m+ [object Object]\u001b[39m\n\u001b[2m\u001b[22m\n\u001b[2m    \u001b[0m \u001b[90m 398 |\u001b[39m             assert\u001b[33m.\u001b[39mstrictEqual(response\u001b[33m.\u001b[39mbody\u001b[33m.\u001b[39mdata\u001b[33m.\u001b[39mcart\u001b[33m.\u001b[39mitems\u001b[33m.\u001b[39mlength\u001b[33m,\u001b[39m \u001b[35m1\u001b[39m)\u001b[33m;\u001b[39m\u001b[22m\n\u001b[2m     \u001b[90m 399 |\u001b[39m             assert\u001b[33m.\u001b[39mstrictEqual(response\u001b[33m.\u001b[39mbody\u001b[33m.\u001b[39mdata\u001b[33m.\u001b[39mcart\u001b[33m.\u001b[39mtotalItems\u001b[33m,\u001b[39m \u001b[35m1\u001b[39m)\u001b[33m;\u001b[39m\u001b[22m\n\u001b[2m    \u001b[31m\u001b[1m>\u001b[22m\u001b[2m\u001b[39m\u001b[90m 400 |\u001b[39m             assert\u001b[33m.\u001b[39mstrictEqual(\u001b[22m\n\u001b[2m     \u001b[90m     |\u001b[39m                    \u001b[31m\u001b[1m^\u001b[22m\u001b[2m\u001b[39m\u001b[22m\n\u001b[2m     \u001b[90m 401 |\u001b[39m                 response\u001b[33m.\u001b[39mbody\u001b[33m.\u001b[39mdata\u001b[33m.\u001b[39mcart\u001b[33m.\u001b[39mitems[\u001b[35m0\u001b[39m]\u001b[33m.\u001b[39mfoodItem\u001b[33m.\u001b[39mtoString()\u001b[33m,\u001b[39m\u001b[22m\n\u001b[2m     \u001b[90m 402 |\u001b[39m                 secondFoodItem\u001b[33m.\u001b[39m_id\u001b[33m.\u001b[39mtoString()\u001b[22m\n\u001b[2m     \u001b[90m 403 |\u001b[39m             )\u001b[33m;\u001b[39m\u001b[0m\u001b[22m\n\u001b[2m\u001b[22m\n\u001b[2m      \u001b[2mat Object.strictEqual (\u001b[22m\u001b[2m\u001b[0m\u001b[36msrc/__tests__/cart.test.js\u001b[39m\u001b[0m\u001b[2m:400:20)\u001b[22m\u001b[2m\u001b[22m\n\n\u001b[1m\u001b[31m  \u001b[1m● \u001b[22m\u001b[1mCart API Tests › POST /api/cart/merge › should return 401 when user is not authenticated\u001b[39m\u001b[22m\n\n    \u001b[2massert\u001b[22m\u001b[2m.strictEqual(\u001b[22m\u001b[31mreceived\u001b[39m\u001b[2m, \u001b[22m\u001b[32mexpected\u001b[39m\u001b[2m)\u001b[22m\n\n    \u001b[0mExpected value to strictly be equal to:\u001b[0m\n    \u001b[0m\u001b[0m  \u001b[32m\"Authentication required\"\u001b[39m\n    \u001b[0mReceived:\u001b[0m\n    \u001b[0m\u001b[0m  \u001b[31m\"Authentication required. Please provide a valid token.\"\u001b[39m\n\n    Difference:\n\n    \u001b[32m- Expected\u001b[39m\n    \u001b[31m+ Received\u001b[39m\n\n    \u001b[32m- Authentication required\u001b[39m\n    \u001b[31m+ Authentication required. Please provide a valid token.\u001b[39m\n\u001b[2m\u001b[22m\n\u001b[2m    \u001b[0m \u001b[90m 411 |\u001b[39m             assert\u001b[33m.\u001b[39mstrictEqual(response\u001b[33m.\u001b[39mstatus\u001b[33m,\u001b[39m \u001b[35m401\u001b[39m)\u001b[33m;\u001b[39m\u001b[22m\n\u001b[2m     \u001b[90m 412 |\u001b[39m             assert\u001b[33m.\u001b[39mstrictEqual(response\u001b[33m.\u001b[39mbody\u001b[33m.\u001b[39msuccess\u001b[33m,\u001b[39m \u001b[36mfalse\u001b[39m)\u001b[33m;\u001b[39m\u001b[22m\n\u001b[2m    \u001b[31m\u001b[1m>\u001b[22m\u001b[2m\u001b[39m\u001b[90m 413 |\u001b[39m             assert\u001b[33m.\u001b[39mstrictEqual(response\u001b[33m.\u001b[39mbody\u001b[33m.\u001b[39mmessage\u001b[33m,\u001b[39m \u001b[32m\"Authentication required\"\u001b[39m)\u001b[33m;\u001b[39m\u001b[22m\n\u001b[2m     \u001b[90m     |\u001b[39m                    \u001b[31m\u001b[1m^\u001b[22m\u001b[2m\u001b[39m\u001b[22m\n\u001b[2m     \u001b[90m 414 |\u001b[39m         })\u001b[33m;\u001b[39m\u001b[22m\n\u001b[2m     \u001b[90m 415 |\u001b[39m     })\u001b[33m;\u001b[39m\u001b[22m\n\u001b[2m     \u001b[90m 416 |\u001b[39m\u001b[0m\u001b[22m\n\u001b[2m\u001b[22m\n\u001b[2m      \u001b[2mat Object.strictEqual (\u001b[22m\u001b[2m\u001b[0m\u001b[36msrc/__tests__/cart.test.js\u001b[39m\u001b[0m\u001b[2m:413:20)\u001b[22m\u001b[2m\u001b[22m\n\n\u001b[1m\u001b[31m  \u001b[1m● \u001b[22m\u001b[1mCart API Tests › Cart Price Handling › should set price to 0 when adding items\u001b[39m\u001b[22m\n\n    \u001b[2mexpect(\u001b[22m\u001b[31mreceived\u001b[39m\u001b[2m).\u001b[22mtoBe\u001b[2m(\u001b[22m\u001b[32mexpected\u001b[39m\u001b[2m) // Object.is equality\u001b[22m\n\n    Expected: \u001b[32m0\u001b[39m\n    Received: \u001b[31m2\u001b[39m\n\u001b[2m\u001b[22m\n\u001b[2m    \u001b[0m \u001b[90m 666 |\u001b[39m\u001b[22m\n\u001b[2m     \u001b[90m 667 |\u001b[39m             assert\u001b[33m.\u001b[39mstrictEqual(response\u001b[33m.\u001b[39mstatus\u001b[33m,\u001b[39m \u001b[35m200\u001b[39m)\u001b[33m;\u001b[39m\u001b[22m\n\u001b[2m    \u001b[31m\u001b[1m>\u001b[22m\u001b[2m\u001b[39m\u001b[90m 668 |\u001b[39m             expect(response\u001b[33m.\u001b[39mbody\u001b[33m.\u001b[39mdata\u001b[33m.\u001b[39mcart\u001b[33m.\u001b[39mitems[\u001b[35m0\u001b[39m]\u001b[33m.\u001b[39mprice)\u001b[33m.\u001b[39mtoBe(\u001b[35m0\u001b[39m)\u001b[33m;\u001b[39m\u001b[22m\n\u001b[2m     \u001b[90m     |\u001b[39m                                                            \u001b[31m\u001b[1m^\u001b[22m\u001b[2m\u001b[39m\u001b[22m\n\u001b[2m     \u001b[90m 669 |\u001b[39m         })\u001b[33m;\u001b[39m\u001b[22m\n\u001b[2m     \u001b[90m 670 |\u001b[39m\u001b[22m\n\u001b[2m     \u001b[90m 671 |\u001b[39m         test(\u001b[32m\"should calculate totalPrice correctly\"\u001b[39m\u001b[33m,\u001b[39m \u001b[36masync\u001b[39m () \u001b[33m=>\u001b[39m {\u001b[0m\u001b[22m\n\u001b[2m\u001b[22m\n\u001b[2m      \u001b[2mat Object.toBe (\u001b[22m\u001b[2m\u001b[0m\u001b[36msrc/__tests__/cart.test.js\u001b[39m\u001b[0m\u001b[2m:668:60)\u001b[22m\u001b[2m\u001b[22m\n\n\u001b[1m\u001b[31m  \u001b[1m● \u001b[22m\u001b[1mCart API Tests › User Association › should handle cart without userId\u001b[39m\u001b[22m\n\n    \u001b[2mexpect(\u001b[22m\u001b[31mreceived\u001b[39m\u001b[2m).\u001b[22mtoBeUndefined\u001b[2m()\u001b[22m\n\n    Received: \u001b[31mnull\u001b[39m\n\u001b[2m\u001b[22m\n\u001b[2m    \u001b[0m \u001b[90m 685 |\u001b[39m\u001b[22m\n\u001b[2m     \u001b[90m 686 |\u001b[39m             assert\u001b[33m.\u001b[39mstrictEqual(response\u001b[33m.\u001b[39mstatus\u001b[33m,\u001b[39m \u001b[35m200\u001b[39m)\u001b[33m;\u001b[39m\u001b[22m\n\u001b[2m    \u001b[31m\u001b[1m>\u001b[22m\u001b[2m\u001b[39m\u001b[90m 687 |\u001b[39m             expect(response\u001b[33m.\u001b[39mbody\u001b[33m.\u001b[39mdata\u001b[33m.\u001b[39mcart\u001b[33m.\u001b[39muserId)\u001b[33m.\u001b[39mtoBeUndefined()\u001b[33m;\u001b[39m\u001b[22m\n\u001b[2m     \u001b[90m     |\u001b[39m                                                    \u001b[31m\u001b[1m^\u001b[22m\u001b[2m\u001b[39m\u001b[22m\n\u001b[2m     \u001b[90m 688 |\u001b[39m         })\u001b[33m;\u001b[39m\u001b[22m\n\u001b[2m     \u001b[90m 689 |\u001b[39m\u001b[22m\n\u001b[2m     \u001b[90m 690 |\u001b[39m         test(\u001b[32m\"should create cart with session only\
[...]
":[],"failureMessages":[],"fullName":"GET /api/unknown returns 404 payload","invocations":1,"location":null,"numPassingAsserts":0,"retryReasons":[],"startAt":1764807375336,"status":"passed","title":"GET /api/unknown returns 404 payload"}],"endTime":1764807375344,"message":"","name":"/Users/advait/MSCS/Sem1/SE/Proj3/SE_Project-3_Group4/Proj_2/Howl2Go_backend/src/__tests__/health.test.js","startTime":1764807375203,"status":"passed","summary":""},{"assertionResults":[{"ancestorTitles":[],"duration":1,"failing":false,"failureDetails":[],"failureMessages":[],"fullName":"authenticate returns 401 when authorization header is missing","invocations":1,"location":null,"numPassingAsserts":0,"retryReasons":[],"startAt":1764807375417,"status":"passed","title":"authenticate returns 401 when authorization header is missing"},{"ancestorTitles":[],"duration":0,"failing":false,"failureDetails":[],"failureMessages":[],"fullName":"authenticate returns 401 when token verification fails","invocations":1,"location":null,"numPassingAsserts":0,"retryReasons":[],"startAt":1764807375418,"status":"passed","title":"authenticate returns 401 when token verification fails"},{"ancestorTitles":[],"duration":1,"failing":false,"failureDetails":[],"failureMessages":[],"fullName":"authenticate returns 401 when user record is missing","invocations":1,"location":null,"numPassingAsserts":0,"retryReasons":[],"startAt":1764807375418,"status":"passed","title":"authenticate returns 401 when user record is missing"},{"ancestorTitles":[],"duration":5,"failing":false,"failureDetails":[],"failureMessages":[],"fullName":"authenticate returns 401 when user is inactive","invocations":1,"location":null,"numPassingAsserts":0,"retryReasons":[],"startAt":1764807375419,"status":"passed","title":"authenticate returns 401 when user is inactive"},{"ancestorTitles":[],"duration":1,"failing":false,"failureDetails":[],"failureMessages":[],"fullName":"authenticate returns 401 when password was changed after token issuance","invocations":1,"location":null,"numPassingAsserts":0,"retryReasons":[],"startAt":1764807375424,"status":"passed","title":"authenticate returns 401 when password was changed after token issuance"},{"ancestorTitles":[],"duration":0,"failing":false,"failureDetails":[],"failureMessages":[],"fullName":"authenticate attaches user object and calls next on success","invocations":1,"location":null,"numPassingAsserts":0,"retryReasons":[],"startAt":1764807375425,"status":"passed","title":"authenticate attaches user object and calls next on success"},{"ancestorTitles":[],"duration":5,"failing":false,"failureDetails":[],"failureMessages":[],"fullName":"authenticate returns 500 when an unexpected error occurs","invocations":1,"location":null,"numPassingAsserts":0,"retryReasons":[],"startAt":1764807375426,"status":"passed","title":"authenticate returns 500 when an unexpected error occurs"},{"ancestorTitles":[],"duration":0,"failing":false,"failureDetails":[],"failureMessages":[],"fullName":"authorize returns 401 when user is missing","invocations":1,"location":null,"numPassingAsserts":0,"retryReasons":[],"startAt":1764807375431,"status":"passed","title":"authorize returns 401 when user is missing"},{"ancestorTitles":[],"duration":0,"failing":false,"failureDetails":[],"failureMessages":[],"fullName":"authorize returns 403 when role is not allowed","invocations":1,"location":null,"numPassingAsserts":0,"retryReasons":[],"startAt":1764807375431,"status":"passed","title":"authorize returns 403 when role is not allowed"},{"ancestorTitles":[],"duration":1,"failing":false,"failureDetails":[],"failureMessages":[],"fullName":"authorize calls next when role is allowed","invocations":1,"location":null,"numPassingAsserts":0,"retryReasons":[],"startAt":1764807375431,"status":"passed","title":"authorize calls next when role is allowed"},{"ancestorTitles":[],"duration":0,"failing":false,"failureDetails":[],"failureMessages":[],"fullName":"optionalAuth continues without token","invocations":1,"location":null,"numPassingAsserts":0,"retryReasons":[],"startAt":1764807375432,"status":"passed","title":"optionalAuth continues without token"},{"ancestorTitles":[],"duration":0,"failing":false,"failureDetails":[],"failureMessages":[],"fullName":"optionalAuth attaches user when token is valid","invocations":1,"location":null,"numPassingAsserts":0,"retryReasons":[],"startAt":1764807375432,"status":"passed","title":"optionalAuth attaches user when token is valid"},{"ancestorTitles":[],"duration":1,"failing":false,"failureDetails":[],"failureMessages":[],"fullName":"optionalAuth ignores errors and moves on","invocations":1,"location":null,"numPassingAsserts":0,"retryReasons":[],"startAt":1764807375432,"status":"passed","title":"optionalAuth ignores errors and moves on"}],"endTime":1764807375433,"message":"","name":"/Users/advait/MSCS/Sem1/SE/Proj3/SE_Project-3_Group4/Proj_2/Howl2Go_backend/src/__tests__/auth.middleware.test.js","startTime":1764807375346,"status":"passed","summary":""},{"assertionResults":[{"ancestorTitles":["Database Connection Tests"],"duration":9,"failing":false,"failureDetails":[],"failureMessages":[],"fullName":"Database Connection Tests should connect to MongoDB successfully","invocations":1,"location":null,"numPassingAsserts":3,"retryReasons":[],"startAt":1764807375495,"status":"passed","title":"should connect to MongoDB successfully"},{"ancestorTitles":["Database Connection Tests"],"duration":0,"failing":false,"failureDetails":[],"failureMessages":[],"fullName":"Database Connection Tests should have database name defined","invocations":1,"location":null,"numPassingAsserts":2,"retryReasons":[],"startAt":1764807375504,"status":"passed","title":"should have database name defined"},{"ancestorTitles":["Database Connection Tests"],"duration":1,"failing":false,"failureDetails":[],"failureMessages":[],"fullName":"Database Connection Tests should be connected to test database","invocations":1,"location":null,"numPassingAsserts":1,"retryReasons":[],"startAt":1764807375504,"status":"passed","title":"should be connected to test database"},{"ancestorTitles":["Database Connection Tests"],"duration":0,"failing":false,"failureDetails":[],"failureMessages":[],"fullName":"Database Connection Tests should have connection host defined","invocations":1,"location":null,"numPassingAsserts":2,"retryReasons":[],"startAt":1764807375505,"status":"passed","title":"should have connection host defined"},{"ancestorTitles":["Database Connection Tests"],"duration":0,"failing":false,"failureDetails":[],"failureMessages":[],"fullName":"Database Connection Tests should maintain connection state","invocations":1,"location":null,"numPassingAsserts":1,"retryReasons":[],"startAt":1764807375505,"status":"passed","title":"should maintain connection state"},{"ancestorTitles":["Database Connection Tests"],"duration":0,"failing":false,"failureDetails":[],"failureMessages":[],"fullName":"Database Connection Tests should have connection configuration","invocations":1,"location":null,"numPassingAsserts":2,"retryReasons":[],"startAt":1764807375505,"status":"passed","title":"should have connection configuration"},{"ancestorTitles":["Database Connection Tests"],"duration":1,"failing":false,"failureDetails":[],"failureMessages":[],"fullName":"Database Connection Tests should handle connection string","invocations":1,"location":null,"numPassingAsserts":1,"retryReasons":[],"startAt":1764807375505,"status":"passed","title":"should handle connection string"},{"ancestorTitles":["Database Connection Tests"],"duration":0,"failing":false,"failureDetails":[],"failureMessages":[],"fullName":"Database Connection Tests should have proper connection options","invocations":1,"location":null,"numPassingAsserts":1,"retryReasons":[],"startAt":1764807375506,"status":"passed","title":"should have proper connection options"},{"ancestorTitles":["Database Connection Tests"],"duration":0,"failing":false,"failureDetails":[],"failureMessages":[],"fullName":"Database Connection Tests should be able to check connection status","invocations":1,"location":null,"numPassingAsserts":1,"retryReasons":[],"startAt":1764807375506,"status":"passed","title":"should be able to check connection status"},{"ancestorTitles":["Database Connection Tests"],"duration":0,"failing":false,"failureDetails":[],"failureMessages":[],"fullName":"Database Connection Tests should have database client","invocations":1,"location":null,"numPassingAsserts":1,"retryReasons":[],"startAt":1764807375506,"status":"passed","title":"should have database client"}],"endTime":1764807375509,"message":"","name":"/Users/advait/MSCS/Sem1/SE/Proj3/SE_Project-3_Group4/Proj_2/Howl2Go_backend/src/__tests__/database.test.js","startTime":1764807375435,"status":"passed","summary":""},{"assertionResults":[{"ancestorTitles":[],"duration":0,"failing":false,"failureDetails":[],"failureMessages":[],"fullName":"recommendFood - handles limit parameter","invocations":1,"location":null,"numPassingAsserts":0,"retryReasons":[],"startAt":1764807375596,"status":"passed","title":"recommendFood - handles limit parameter"},{"ancestorTitles":[],"duration":1,"failing":false,"failureDetails":[],"failureMessages":[],"fullName":"recommendFood - uses default limit when not provided","invocations":1,"location":null,"numPassingAsserts":0,"retryReasons":[],"startAt":1764807375596,"status":"passed","title":"recommendFood - uses default limit when not provided"},{"ancestorTitles":[],"duration":0,"failing":false,"failureDetails":[],"failureMessages":[],"fullName":"recommendFood - determines sort criteria for high protein","invocations":1,"location":null,"numPassingAsserts":0,"retryReasons":[],"startAt":1764807375597,"status":"passed","title":"recommendFood - determines sort criteria for high protein"},{"ancestorTitles":[],"duration":0,"failing":false,"failureDetails":[],"failureMessages":[],"fullName":"recommendFood - determines sort criteria for low calories","invocations":1,"location":null,"numPassingAsserts":0,"retryReasons":[],"startAt":1764807375597,"status":"passed","title":"recommendFood - determines sort criteria for low calories"},{"ancestorTitles":[],"duration":0,"failing":false,"failureDetails":[],"failureMessages":[],"fullName":"recommendFood - determines sort criteria for low fat","invocations":1,"location":null,"numPassingAsserts":0,"retryReasons":[],"startAt":1764807375597,"status":"passed","title":"recommendFood - determines sort criteria for low fat"}],"endTime":1764807375597,"message":"","name":"/Users/advait/MSCS/Sem1/SE/Proj3/SE_Project-3_Group4/Proj_2/Howl2Go_backend/src/__tests__/food.controller.test.js","startTime":1764807375510,"status":"passed","summary":""},{"assertionResults":[{"ancestorTitles":[],"duration":0,"failing":false,"failureDetails":[],"failureMessages":[],"fullName":"parseLLMQuery - returns 400 when query is missing","invocations":1,"location":null,"numPassingAsserts":0,"retryReasons":[],"startAt":1764807375635,"status":"passed","title":"parseLLMQuery - returns 400 when query is missing"},{"ancestorTitles":[],"duration":0,"failing":false,"failureDetails":[],"failureMessages":[],"fullName":"parseLLMQuery - returns 400 when query is not a string","invocations":1,"location":null,"numPassingAsserts":0,"retryReasons":[],"startAt":1764807375635,"status":"passed","title":"parseLLMQuery - returns 400 when query is not a string"},{"ancestorTitles":[],"duration":0,"failing":false,"failureDetails":[],"failureMessages":[],"fullName":"parseLLMQuery - returns 400 when query is empty string","invocations":1,"location":null,"numPassingAsserts":0,"retryReasons":[],"startAt":1764807375636,"status":"passed","title":"parseLLMQuery - returns 400 when query is empty string"},{"ancestorTitles":[],"duration":0,"failing":false,"failureDetails":[],"failureMessages":[],"fullName":"parseLLMQuery - returns 400 when query is null","invocations":1,"location":null,"numPassingAsserts":0,"retryReasons":[],"startAt":1764807375636,"status":"passed","title":"parseLLMQuery - returns 400 when query is null"},{"ancestorTitles":[],"duration":0,"failing":false,"failureDetails":[],"failureMessages":[],"fullName":"buildMongoQuery - returns 400 when parsedCriteria is missing","invocations":1,"location":null,"numPassingAsserts":0,"retryReasons":[],"startAt":1764807375636,"status":"passed","title":"buildMongoQuery - returns 400 when parsedCriteria is missing"},{"ancestorTitles":[],"duration":0,"failing":false,"failureDetails":[],"failureMessages":[],"fullName":"buildMongoQuery - builds query successfully when criteria exists","invocations":1,"location":null,"numPassingAsserts":0,"retryReasons":[],"startAt":1764807375636,"status":"passed","title":"buildMongoQuery - builds query successfully when criteria exists"},{"ancestorTitles":[],"duration":1,"failing":false,"failureDetails":[],"failureMessages":[],"fullName":"buildMongoQuery - builds empty query when criteria is empty object","invocations":1,"location":null,"numPassingAsserts":0,"retryReasons":[],"startAt":1764807375636,"status":"passed","title":"buildMongoQuery - builds empty query when criteria is empty object"},{"ancestorTitles":[],"duration":0,"failing":false,"failureDetails":[],"failureMessages":[],"fullName":"validateCriteria - returns 400 when criteria is missing","invocations":1,"location":null,"numPassingAsserts":0,"retryReasons":[],"startAt":1764807375637,"status":"passed","title":"validateCriteria - returns 400 when criteria is missing"},{"ancestorTitles":[],"duration":0,"failing":false,"failureDetails":[],"failureMessages":[],"fullName":"validateCriteria - returns 400 when criteria is empty object","invocations":1,"location":null,"numPassingAsserts":0,"retryReasons":[],"startAt":1764807375637,"status":"passed","title":"validateCriteria - returns 400 when criteria is empty object"},{"ancestorTitles":[],"duration":0,"failing":false,"failureDetails":[],"failureMessages":[],"fullName":"validateCriteria - calls next when criteria has values","invocations":1,"location":null,"numPassingAsserts":0,"retryReasons":[],"startAt":1764807375637,"status":"passed","title":"validateCriteria - calls next when criteria has values"},{"ancestorTitles":[],"duration":0,"failing":false,"failureDetails":[],"failureMessages":[],"fullName":"validateCriteria - calls next when criteria has multiple values","invocations":1,"location":null,"numPassingAsserts":0,"retryReasons":[],"startAt":1764807375637,"status":"passed","title":"validateCriteria - calls next when criteria has multiple values"}],"endTime":1764807375638,"message":"","name":"/Users/advait/MSCS/Sem1/SE/Proj3/SE_Project-3_Group4/Proj_2/Howl2Go_backend/src/__tests__/llm.middleware.test.js","startTime":1764807375601,"status":"passed","summary":""},{"assertionResults":[{"ancestorTitles":[],"duration":1,"failing":false,"failureDetails":[],"failureMessages":[],"fullName":"generateAccessToken embeds id, email, and role claims","invocations":1,"location":null,"numPassingAsserts":0,"retryReasons":[],"startAt":1764807375669,"status":"passed","title":"generateAccessToken embeds id, email, and role claims"},{"ancestorTitles":[],"duration":0,"failing":false,"failureDetails":[],"failureMessages":[],"fullName":"generateAccessToken defaults role to user when omitted","invocations":1,"location":null,"numPassingAsserts":0,"retryReasons":[],"startAt":1764807375670,"status":"passed","title":"generateAccessToken defaults role to user when omitted"},{"ancestorTitles":[],"duration":0,"failing":false,"failureDetails":[],"failureMessages":[],"fullName":"generateRefreshToken creates refresh token with type claim","invocations":1,"location":null,"numPassingAsserts":0,"retryReasons":[],"startAt":1764807375671,"status":"passed","title":"generateRefreshToken creates refresh token with type claim"},{"ancestorTitles":[],"duration":0,"failing":false,"failureDetails":[],"failureMessages":[],"fullName":"verifyToken returns payload for valid access token","invocations":1,"location":null,"numPassingAsserts":0,"retryReasons":[],"startAt":1764807375671,"status":"passed","title":"verifyToken returns payload for valid access token"},{"ancestorTitles":[],"duration":0,"failing":false,"failureDetails":[],"failureMessages":[],"fullName":"verifyToken validates refresh tokens when flag is set","invocations":1,"location":null,"numPassingAsserts":0,"retryReasons":[],"startAt":1764807375671,"status":"passed","title":"verifyToken validates refresh tokens when flag is set"},{"ancestorTitles":[],"duration":1,"failing":false,"failureDetails":[],"failureMessages":[],"fullName":"verifyToken throws helpful error for invalid token","invocations":1,"location":null,"numPassingAsserts":0,"retryReasons":[],"startAt":1764807375671,"status":"passed","title":"verifyToken throws helpful error for invalid token"},{"ancestorTitles":[],"duration":0,"failing":false,"failureDetails":[],"failureMessages":[],"fullName":"verifyToken throws helpful error when token expired","invocations":1,"location":null,"numPassingAsserts":0,"retryReasons":[],"startAt":1764807375672,"status":"passed","title":"verifyToken throws helpful error when token expired"},{"ancestorTitles":[],"duration":0,"failing":false,"failureDetails":[],"failureMessages":[],"fullName":"decodeToken returns payload without verification","invocations":1,"location":null,"numPassingAsserts":0,"retryReasons":[],"startAt":1764807375672,"status":"passed","title":"decodeToken returns payload without verification"},{"ancestorTitles":[],"duration":1,"failing":false,"failureDetails":[],"failureMessages":[],"fullName":"decodeToken returns null for malformed token","invocations":1,"location":null,"numPassingAsserts":0,"retryReasons":[],"startAt":1764807375672,"status":"passed","title":"decodeToken returns null for malformed token"},{"ancestorTitles":[],"duration":0,"failing":false,"failureDetails":[],"failureMessages":[],"fullName":"extractTokenFromHeader supports Bearer scheme","invocations":1,"location":null,"numPassingAsserts":0,"retryReasons":[],"startAt":1764807375673,"status":"passed","title":"extractTokenFromHeader supports Bearer scheme"},{"ancestorTitles":[],"duration":0,"failing":false,"failureDetails":[],"failureMessages":[],"fullName":"extractTokenFromHeader returns raw token when Bearer absent","invocations":1,"location":null,"numPassingAsserts":0,"retryReasons":[],"startAt":1764807375673,"status":"passed","title":"extractTokenFromHeader returns raw token when Bearer absent"},{"ancestorTitles":[],"duration":0,"failing":false,"failureDetails":[],"failureMessages":[],"fullName":"extractTokenFromHeader returns null when header missing","invocations":1,"location":null,"numPassingAsserts":0,"retryReasons":[],"startAt":1764807375673,"status":"passed","title":"extractTokenFromHeader returns null when header missing"}],"endTime":1764807375674,"message":"","name":"/Users/advait/MSCS/Sem1/SE/Proj3/SE_Project-3_Group4/Proj_2/Howl2Go_backend/src/__tests__/jwt.util.test.js","startTime":1764807375640,"status":"passed","summary":""},{"assertionResults":[{"ancestorTitles":["nutritionUtils"],"duration":1,"failing":false,"failureDetails":[],"failureMessages":[],"fullName":"nutritionUtils normalizeNutrition returns numeric fields and defaults to 0","invocations":1,"location":null,"numPassingAsserts":3,"retryReasons":[],"startAt":1764807375699,"status":"passed","title":"normalizeNutrition returns numeric fields and defaults to 0"},{"ancestorTitles":["nutritionUtils"],"duration":0,"failing":false,"failureDetails":[],"failureMessages":[],"fullName":"nutritionUtils nutritionCompatibility returns value in [0,1] and penalizes high-sugar combos","invocations":1,"location":null,"numPassingAsserts":5,"retryReasons":[],"startAt":1764807375700,"status":"passed","title":"nutritionCompatibility returns value in [0,1] and penalizes high-sugar combos"}],"endTime":1764807375701,"message":"","name":"/Users/advait/MSCS/Sem1/SE/Proj3/SE_Project-3_Group4/Proj_2/Howl2Go_backend/src/__tests__/nutritionUtils.test.js","startTime":1764807375675,"status":"passed","summary":""}],"wasInterrupted":false}
